{"D:\\Codes\\PROJECTS\\fairshare\\backend\\src\\server.js": {"path":"D:\\Codes\\PROJECTS\\fairshare\\backend\\src\\server.js","statementMap":{"0":{"start":{"line":4,"column":0},"end":{"line":4,"column":61}},"1":{"start":{"line":21,"column":12},"end":{"line":21,"column":21}},"2":{"start":{"line":22,"column":0},"end":{"line":22,"column":26}},"3":{"start":{"line":24,"column":13},"end":{"line":24,"column":37}},"4":{"start":{"line":26,"column":23},"end":{"line":32,"column":17}},"5":{"start":{"line":34,"column":0},"end":{"line":48,"column":2}},"6":{"start":{"line":37,"column":29},"end":{"line":37,"column":153}},"7":{"start":{"line":38,"column":6},"end":{"line":42,"column":7}},"8":{"start":{"line":39,"column":8},"end":{"line":39,"column":29}},"9":{"start":{"line":41,"column":8},"end":{"line":41,"column":54}},"10":{"start":{"line":50,"column":0},"end":{"line":50,"column":24}},"11":{"start":{"line":51,"column":0},"end":{"line":51,"column":24}},"12":{"start":{"line":54,"column":0},"end":{"line":54,"column":91}},"13":{"start":{"line":54,"column":57},"end":{"line":54,"column":84}},"14":{"start":{"line":57,"column":0},"end":{"line":57,"column":20}},"15":{"start":{"line":58,"column":0},"end":{"line":58,"column":31}},"16":{"start":{"line":61,"column":0},"end":{"line":67,"column":3}},"17":{"start":{"line":63,"column":2},"end":{"line":65,"column":3}},"18":{"start":{"line":64,"column":4},"end":{"line":64,"column":22}},"19":{"start":{"line":66,"column":2},"end":{"line":66,"column":9}},"20":{"start":{"line":69,"column":0},"end":{"line":69,"column":33}},"21":{"start":{"line":70,"column":0},"end":{"line":70,"column":36}},"22":{"start":{"line":71,"column":0},"end":{"line":71,"column":40}},"23":{"start":{"line":72,"column":0},"end":{"line":72,"column":40}},"24":{"start":{"line":74,"column":0},"end":{"line":76,"column":3}},"25":{"start":{"line":75,"column":2},"end":{"line":75,"column":78}},"26":{"start":{"line":78,"column":0},"end":{"line":78,"column":18}},"27":{"start":{"line":79,"column":0},"end":{"line":79,"column":22}},"28":{"start":{"line":83,"column":0},"end":{"line":89,"column":1}},"29":{"start":{"line":84,"column":2},"end":{"line":88,"column":5}},"30":{"start":{"line":85,"column":4},"end":{"line":87,"column":7}},"31":{"start":{"line":86,"column":6},"end":{"line":86,"column":74}}},"fnMap":{"0":{"name":"(anonymous_0)","decl":{"start":{"line":36,"column":12},"end":{"line":36,"column":13}},"loc":{"start":{"line":36,"column":40},"end":{"line":43,"column":5}},"line":36},"1":{"name":"(anonymous_1)","decl":{"start":{"line":54,"column":46},"end":{"line":54,"column":47}},"loc":{"start":{"line":54,"column":57},"end":{"line":54,"column":84}},"line":54},"2":{"name":"(anonymous_2)","decl":{"start":{"line":61,"column":8},"end":{"line":61,"column":9}},"loc":{"start":{"line":61,"column":34},"end":{"line":67,"column":1}},"line":61},"3":{"name":"(anonymous_3)","decl":{"start":{"line":74,"column":23},"end":{"line":74,"column":24}},"loc":{"start":{"line":74,"column":37},"end":{"line":76,"column":1}},"line":74},"4":{"name":"(anonymous_4)","decl":{"start":{"line":84,"column":19},"end":{"line":84,"column":20}},"loc":{"start":{"line":84,"column":25},"end":{"line":88,"column":3}},"line":84},"5":{"name":"(anonymous_5)","decl":{"start":{"line":85,"column":21},"end":{"line":85,"column":22}},"loc":{"start":{"line":85,"column":27},"end":{"line":87,"column":5}},"line":85}},"branchMap":{"0":{"loc":{"start":{"line":24,"column":13},"end":{"line":24,"column":37}},"type":"binary-expr","locations":[{"start":{"line":24,"column":13},"end":{"line":24,"column":29}},{"start":{"line":24,"column":33},"end":{"line":24,"column":37}}],"line":24},"1":{"loc":{"start":{"line":37,"column":29},"end":{"line":37,"column":153}},"type":"binary-expr","locations":[{"start":{"line":37,"column":29},"end":{"line":37,"column":66}},{"start":{"line":37,"column":70},"end":{"line":37,"column":76}},{"start":{"line":37,"column":81},"end":{"line":37,"column":117}},{"start":{"line":37,"column":121},"end":{"line":37,"column":152}}],"line":37},"2":{"loc":{"start":{"line":38,"column":6},"end":{"line":42,"column":7}},"type":"if","locations":[{"start":{"line":38,"column":6},"end":{"line":42,"column":7}},{"start":{"line":40,"column":13},"end":{"line":42,"column":7}}],"line":38},"3":{"loc":{"start":{"line":38,"column":10},"end":{"line":38,"column":70}},"type":"binary-expr","locations":[{"start":{"line":38,"column":10},"end":{"line":38,"column":17}},{"start":{"line":38,"column":21},"end":{"line":38,"column":52}},{"start":{"line":38,"column":56},"end":{"line":38,"column":70}}],"line":38},"4":{"loc":{"start":{"line":63,"column":2},"end":{"line":65,"column":3}},"type":"if","locations":[{"start":{"line":63,"column":2},"end":{"line":65,"column":3}},{"start":{},"end":{}}],"line":63},"5":{"loc":{"start":{"line":63,"column":6},"end":{"line":63,"column":65}},"type":"binary-expr","locations":[{"start":{"line":63,"column":6},"end":{"line":63,"column":43}},{"start":{"line":63,"column":47},"end":{"line":63,"column":65}}],"line":63},"6":{"loc":{"start":{"line":83,"column":0},"end":{"line":89,"column":1}},"type":"if","locations":[{"start":{"line":83,"column":0},"end":{"line":89,"column":1}},{"start":{},"end":{}}],"line":83},"7":{"loc":{"start":{"line":83,"column":4},"end":{"line":83,"column":99}},"type":"binary-expr","locations":[{"start":{"line":83,"column":4},"end":{"line":83,"column":41}},{"start":{"line":83,"column":45},"end":{"line":83,"column":76}},{"start":{"line":83,"column":80},"end":{"line":83,"column":99}}],"line":83}},"s":{"0":3,"1":3,"2":3,"3":3,"4":3,"5":3,"6":6,"7":6,"8":6,"9":0,"10":3,"11":3,"12":3,"13":6,"14":3,"15":3,"16":3,"17":6,"18":0,"19":6,"20":3,"21":3,"22":3,"23":3,"24":3,"25":0,"26":3,"27":3,"28":3,"29":0,"30":0,"31":0},"f":{"0":6,"1":6,"2":6,"3":0,"4":0,"5":0},"b":{"0":[3,0],"1":[6,6,0,0],"2":[6,0],"3":[6,0,0],"4":[0,6],"5":[6,6],"6":[0,3],"7":[3,3,0]},"_coverageSchema":"1a1c01bbd47fc00a2c39e90264f33305004495a9","hash":"ea6a3552b484e15a4af15592ce0fa5ce05b7a781"}
,"D:\\Codes\\PROJECTS\\fairshare\\backend\\src\\config\\db.js": {"path":"D:\\Codes\\PROJECTS\\fairshare\\backend\\src\\config\\db.js","statementMap":{"0":{"start":{"line":4,"column":15},"end":{"line":4,"column":19}},"1":{"start":{"line":6,"column":18},"end":{"line":27,"column":1}},"2":{"start":{"line":7,"column":2},"end":{"line":9,"column":3}},"3":{"start":{"line":8,"column":4},"end":{"line":8,"column":20}},"4":{"start":{"line":11,"column":14},"end":{"line":11,"column":37}},"5":{"start":{"line":13,"column":2},"end":{"line":16,"column":3}},"6":{"start":{"line":14,"column":4},"end":{"line":14,"column":86}},"7":{"start":{"line":15,"column":4},"end":{"line":15,"column":20}},"8":{"start":{"line":18,"column":2},"end":{"line":26,"column":3}},"9":{"start":{"line":19,"column":17},"end":{"line":19,"column":44}},"10":{"start":{"line":20,"column":4},"end":{"line":20,"column":62}},"11":{"start":{"line":21,"column":4},"end":{"line":21,"column":20}},"12":{"start":{"line":22,"column":4},"end":{"line":22,"column":16}},"13":{"start":{"line":24,"column":4},"end":{"line":24,"column":64}},"14":{"start":{"line":25,"column":4},"end":{"line":25,"column":20}}},"fnMap":{"0":{"name":"(anonymous_0)","decl":{"start":{"line":6,"column":18},"end":{"line":6,"column":19}},"loc":{"start":{"line":6,"column":30},"end":{"line":27,"column":1}},"line":6}},"branchMap":{"0":{"loc":{"start":{"line":7,"column":2},"end":{"line":9,"column":3}},"type":"if","locations":[{"start":{"line":7,"column":2},"end":{"line":9,"column":3}},{"start":{},"end":{}}],"line":7},"1":{"loc":{"start":{"line":7,"column":6},"end":{"line":7,"column":54}},"type":"binary-expr","locations":[{"start":{"line":7,"column":6},"end":{"line":7,"column":14}},{"start":{"line":7,"column":18},"end":{"line":7,"column":54}}],"line":7},"2":{"loc":{"start":{"line":13,"column":2},"end":{"line":16,"column":3}},"type":"if","locations":[{"start":{"line":13,"column":2},"end":{"line":16,"column":3}},{"start":{},"end":{}}],"line":13}},"s":{"0":3,"1":3,"2":0,"3":0,"4":0,"5":0,"6":0,"7":0,"8":0,"9":0,"10":0,"11":0,"12":0,"13":0,"14":0},"f":{"0":0},"b":{"0":[0,0],"1":[0,0],"2":[0,0]},"_coverageSchema":"1a1c01bbd47fc00a2c39e90264f33305004495a9","hash":"279577799db47d9de72f70de718d548309b6ab28"}
,"D:\\Codes\\PROJECTS\\fairshare\\backend\\src\\config\\passport.js": {"path":"D:\\Codes\\PROJECTS\\fairshare\\backend\\src\\config\\passport.js","statementMap":{"0":{"start":{"line":6,"column":33},"end":{"line":59,"column":1}},"1":{"start":{"line":7,"column":2},"end":{"line":56,"column":4}},"2":{"start":{"line":16,"column":8},"end":{"line":53,"column":9}},"3":{"start":{"line":17,"column":24},"end":{"line":17,"column":65}},"4":{"start":{"line":18,"column":10},"end":{"line":20,"column":11}},"5":{"start":{"line":19,"column":12},"end":{"line":19,"column":85}},"6":{"start":{"line":22,"column":25},"end":{"line":22,"column":57}},"7":{"start":{"line":23,"column":28},"end":{"line":23,"column":107}},"8":{"start":{"line":24,"column":10},"end":{"line":26,"column":11}},"9":{"start":{"line":25,"column":12},"end":{"line":25,"column":33}},"10":{"start":{"line":28,"column":21},"end":{"line":28,"column":65}},"11":{"start":{"line":30,"column":10},"end":{"line":48,"column":11}},"12":{"start":{"line":31,"column":12},"end":{"line":31,"column":49}},"13":{"start":{"line":33,"column":12},"end":{"line":47,"column":13}},"14":{"start":{"line":34,"column":14},"end":{"line":34,"column":41}},"15":{"start":{"line":35,"column":14},"end":{"line":37,"column":15}},"16":{"start":{"line":36,"column":16},"end":{"line":36,"column":37}},"17":{"start":{"line":38,"column":14},"end":{"line":38,"column":32}},"18":{"start":{"line":40,"column":14},"end":{"line":46,"column":17}},"19":{"start":{"line":49,"column":10},"end":{"line":49,"column":34}},"20":{"start":{"line":51,"column":10},"end":{"line":51,"column":65}},"21":{"start":{"line":52,"column":10},"end":{"line":52,"column":35}}},"fnMap":{"0":{"name":"(anonymous_0)","decl":{"start":{"line":6,"column":33},"end":{"line":6,"column":34}},"loc":{"start":{"line":6,"column":39},"end":{"line":59,"column":1}},"line":6},"1":{"name":"(anonymous_1)","decl":{"start":{"line":15,"column":6},"end":{"line":15,"column":7}},"loc":{"start":{"line":15,"column":58},"end":{"line":54,"column":7}},"line":15}},"branchMap":{"0":{"loc":{"start":{"line":12,"column":21},"end":{"line":12,"column":83}},"type":"binary-expr","locations":[{"start":{"line":12,"column":21},"end":{"line":12,"column":52}},{"start":{"line":12,"column":56},"end":{"line":12,"column":83}}],"line":12},"1":{"loc":{"start":{"line":18,"column":10},"end":{"line":20,"column":11}},"type":"if","locations":[{"start":{"line":18,"column":10},"end":{"line":20,"column":11}},{"start":{},"end":{}}],"line":18},"2":{"loc":{"start":{"line":22,"column":25},"end":{"line":22,"column":57}},"type":"binary-expr","locations":[{"start":{"line":22,"column":25},"end":{"line":22,"column":51}},{"start":{"line":22,"column":55},"end":{"line":22,"column":57}}],"line":22},"3":{"loc":{"start":{"line":23,"column":28},"end":{"line":23,"column":107}},"type":"binary-expr","locations":[{"start":{"line":23,"column":28},"end":{"line":23,"column":47}},{"start":{"line":23,"column":51},"end":{"line":23,"column":74}},{"start":{"line":23,"column":78},"end":{"line":23,"column":97}},{"start":{"line":23,"column":101},"end":{"line":23,"column":107}}],"line":23},"4":{"loc":{"start":{"line":24,"column":10},"end":{"line":26,"column":11}},"type":"if","locations":[{"start":{"line":24,"column":10},"end":{"line":26,"column":11}},{"start":{},"end":{}}],"line":24},"5":{"loc":{"start":{"line":30,"column":10},"end":{"line":48,"column":11}},"type":"if","locations":[{"start":{"line":30,"column":10},"end":{"line":48,"column":11}},{"start":{},"end":{}}],"line":30},"6":{"loc":{"start":{"line":33,"column":12},"end":{"line":47,"column":13}},"type":"if","locations":[{"start":{"line":33,"column":12},"end":{"line":47,"column":13}},{"start":{"line":39,"column":19},"end":{"line":47,"column":13}}],"line":33},"7":{"loc":{"start":{"line":35,"column":14},"end":{"line":37,"column":15}},"type":"if","locations":[{"start":{"line":35,"column":14},"end":{"line":37,"column":15}},{"start":{},"end":{}}],"line":35},"8":{"loc":{"start":{"line":35,"column":18},"end":{"line":35,"column":40}},"type":"binary-expr","locations":[{"start":{"line":35,"column":18},"end":{"line":35,"column":24}},{"start":{"line":35,"column":28},"end":{"line":35,"column":40}}],"line":35}},"s":{"0":3,"1":3,"2":0,"3":0,"4":0,"5":0,"6":0,"7":0,"8":0,"9":0,"10":0,"11":0,"12":0,"13":0,"14":0,"15":0,"16":0,"17":0,"18":0,"19":0,"20":0,"21":0},"f":{"0":3,"1":0},"b":{"0":[3,3],"1":[0,0],"2":[0,0],"3":[0,0,0,0],"4":[0,0],"5":[0,0],"6":[0,0],"7":[0,0],"8":[0,0]},"_coverageSchema":"1a1c01bbd47fc00a2c39e90264f33305004495a9","hash":"bad5203c42116dc58ea7fc725fad65970dea4b62"}
,"D:\\Codes\\PROJECTS\\fairshare\\backend\\src\\controllers\\authController.js": {"path":"D:\\Codes\\PROJECTS\\fairshare\\backend\\src\\controllers\\authController.js","statementMap":{"0":{"start":{"line":6,"column":29},"end":{"line":8,"column":1}},"1":{"start":{"line":7,"column":2},"end":{"line":7,"column":79}},"2":{"start":{"line":10,"column":30},"end":{"line":17,"column":1}},"3":{"start":{"line":11,"column":2},"end":{"line":16,"column":5}},"4":{"start":{"line":19,"column":24},"end":{"line":44,"column":1}},"5":{"start":{"line":20,"column":2},"end":{"line":43,"column":3}},"6":{"start":{"line":21,"column":38},"end":{"line":21,"column":46}},"7":{"start":{"line":23,"column":26},"end":{"line":23,"column":76}},"8":{"start":{"line":24,"column":4},"end":{"line":26,"column":5}},"9":{"start":{"line":25,"column":6},"end":{"line":25,"column":92}},"10":{"start":{"line":28,"column":23},"end":{"line":28,"column":25}},"11":{"start":{"line":29,"column":25},"end":{"line":29,"column":64}},"12":{"start":{"line":31,"column":17},"end":{"line":35,"column":6}},"13":{"start":{"line":37,"column":18},"end":{"line":37,"column":41}},"14":{"start":{"line":38,"column":4},"end":{"line":38,"column":31}},"15":{"start":{"line":40,"column":4},"end":{"line":40,"column":42}},"16":{"start":{"line":42,"column":4},"end":{"line":42,"column":83}},"17":{"start":{"line":46,"column":21},"end":{"line":67,"column":1}},"18":{"start":{"line":47,"column":2},"end":{"line":66,"column":3}},"19":{"start":{"line":48,"column":32},"end":{"line":48,"column":40}},"20":{"start":{"line":50,"column":17},"end":{"line":50,"column":67}},"21":{"start":{"line":51,"column":4},"end":{"line":53,"column":5}},"22":{"start":{"line":52,"column":6},"end":{"line":52,"column":76}},"23":{"start":{"line":55,"column":20},"end":{"line":55,"column":69}},"24":{"start":{"line":56,"column":4},"end":{"line":58,"column":5}},"25":{"start":{"line":57,"column":6},"end":{"line":57,"column":76}},"26":{"start":{"line":60,"column":18},"end":{"line":60,"column":41}},"27":{"start":{"line":61,"column":4},"end":{"line":61,"column":31}},"28":{"start":{"line":63,"column":4},"end":{"line":63,"column":42}},"29":{"start":{"line":65,"column":4},"end":{"line":65,"column":76}},"30":{"start":{"line":69,"column":22},"end":{"line":75,"column":1}},"31":{"start":{"line":70,"column":2},"end":{"line":73,"column":5}},"32":{"start":{"line":74,"column":2},"end":{"line":74,"column":63}},"33":{"start":{"line":77,"column":21},"end":{"line":79,"column":1}},"34":{"start":{"line":78,"column":2},"end":{"line":78,"column":43}},"35":{"start":{"line":81,"column":29},"end":{"line":99,"column":1}},"36":{"start":{"line":82,"column":2},"end":{"line":98,"column":3}},"37":{"start":{"line":83,"column":25},"end":{"line":83,"column":34}},"38":{"start":{"line":84,"column":4},"end":{"line":86,"column":5}},"39":{"start":{"line":85,"column":6},"end":{"line":85,"column":67}},"40":{"start":{"line":89,"column":20},"end":{"line":89,"column":54}},"41":{"start":{"line":90,"column":4},"end":{"line":92,"column":5}},"42":{"start":{"line":91,"column":6},"end":{"line":91,"column":81}},"43":{"start":{"line":94,"column":25},"end":{"line":94,"column":81}},"44":{"start":{"line":95,"column":4},"end":{"line":95,"column":55}},"45":{"start":{"line":97,"column":4},"end":{"line":97,"column":87}},"46":{"start":{"line":101,"column":26},"end":{"line":114,"column":1}},"47":{"start":{"line":102,"column":2},"end":{"line":113,"column":3}},"48":{"start":{"line":103,"column":22},"end":{"line":103,"column":31}},"49":{"start":{"line":104,"column":4},"end":{"line":106,"column":5}},"50":{"start":{"line":105,"column":6},"end":{"line":105,"column":69}},"51":{"start":{"line":108,"column":25},"end":{"line":108,"column":37}},"52":{"start":{"line":109,"column":24},"end":{"line":109,"column":67}},"53":{"start":{"line":110,"column":4},"end":{"line":110,"column":54}},"54":{"start":{"line":112,"column":4},"end":{"line":112,"column":85}},"55":{"start":{"line":116,"column":27},"end":{"line":148,"column":1}},"56":{"start":{"line":117,"column":2},"end":{"line":147,"column":3}},"57":{"start":{"line":118,"column":32},"end":{"line":118,"column":40}},"58":{"start":{"line":121,"column":17},"end":{"line":121,"column":50}},"59":{"start":{"line":122,"column":4},"end":{"line":124,"column":5}},"60":{"start":{"line":123,"column":6},"end":{"line":123,"column":74}},"61":{"start":{"line":126,"column":25},"end":{"line":126,"column":81}},"62":{"start":{"line":127,"column":4},"end":{"line":129,"column":5}},"63":{"start":{"line":128,"column":6},"end":{"line":128,"column":81}},"64":{"start":{"line":131,"column":4},"end":{"line":131,"column":43}},"65":{"start":{"line":133,"column":4},"end":{"line":140,"column":5}},"66":{"start":{"line":134,"column":27},"end":{"line":134,"column":39}},"67":{"start":{"line":135,"column":26},"end":{"line":135,"column":69}},"68":{"start":{"line":136,"column":6},"end":{"line":138,"column":7}},"69":{"start":{"line":137,"column":8},"end":{"line":137,"column":102}},"70":{"start":{"line":139,"column":6},"end":{"line":139,"column":32}},"71":{"start":{"line":142,"column":4},"end":{"line":142,"column":22}},"72":{"start":{"line":144,"column":4},"end":{"line":144,"column":73}},"73":{"start":{"line":146,"column":4},"end":{"line":146,"column":86}},"74":{"start":{"line":150,"column":29},"end":{"line":173,"column":1}},"75":{"start":{"line":151,"column":2},"end":{"line":172,"column":3}},"76":{"start":{"line":152,"column":19},"end":{"line":152,"column":31}},"77":{"start":{"line":155,"column":4},"end":{"line":158,"column":6}},"78":{"start":{"line":161,"column":4},"end":{"line":161,"column":41}},"79":{"start":{"line":164,"column":4},"end":{"line":167,"column":7}},"80":{"start":{"line":169,"column":4},"end":{"line":169,"column":69}},"81":{"start":{"line":171,"column":4},"end":{"line":171,"column":88}},"82":{"start":{"line":175,"column":29},"end":{"line":233,"column":1}},"83":{"start":{"line":176,"column":2},"end":{"line":232,"column":3}},"84":{"start":{"line":177,"column":38},"end":{"line":177,"column":46}},"85":{"start":{"line":178,"column":17},"end":{"line":178,"column":50}},"86":{"start":{"line":180,"column":4},"end":{"line":182,"column":5}},"87":{"start":{"line":181,"column":6},"end":{"line":181,"column":65}},"88":{"start":{"line":184,"column":4},"end":{"line":186,"column":5}},"89":{"start":{"line":185,"column":6},"end":{"line":185,"column":23}},"90":{"start":{"line":188,"column":4},"end":{"line":198,"column":5}},"91":{"start":{"line":189,"column":6},"end":{"line":197,"column":7}},"92":{"start":{"line":190,"column":34},"end":{"line":190,"column":63}},"93":{"start":{"line":192,"column":33},"end":{"line":192,"column":84}},"94":{"start":{"line":193,"column":8},"end":{"line":195,"column":9}},"95":{"start":{"line":194,"column":10},"end":{"line":194,"column":85}},"96":{"start":{"line":196,"column":8},"end":{"line":196,"column":42}},"97":{"start":{"line":200,"column":4},"end":{"line":211,"column":5}},"98":{"start":{"line":201,"column":6},"end":{"line":210,"column":7}},"99":{"start":{"line":202,"column":29},"end":{"line":202,"column":41}},"100":{"start":{"line":203,"column":28},"end":{"line":203,"column":71}},"101":{"start":{"line":204,"column":8},"end":{"line":206,"column":9}},"102":{"start":{"line":205,"column":10},"end":{"line":205,"column":104}},"103":{"start":{"line":207,"column":8},"end":{"line":207,"column":34}},"104":{"start":{"line":209,"column":8},"end":{"line":209,"column":24}},"105":{"start":{"line":213,"column":4},"end":{"line":213,"column":22}},"106":{"start":{"line":215,"column":4},"end":{"line":225,"column":7}},"107":{"start":{"line":227,"column":4},"end":{"line":230,"column":5}},"108":{"start":{"line":228,"column":23},"end":{"line":228,"column":76}},"109":{"start":{"line":228,"column":64},"end":{"line":228,"column":75}},"110":{"start":{"line":229,"column":6},"end":{"line":229,"column":68}},"111":{"start":{"line":231,"column":4},"end":{"line":231,"column":88}}},"fnMap":{"0":{"name":"(anonymous_0)","decl":{"start":{"line":6,"column":29},"end":{"line":6,"column":30}},"loc":{"start":{"line":6,"column":41},"end":{"line":8,"column":1}},"line":6},"1":{"name":"(anonymous_1)","decl":{"start":{"line":10,"column":30},"end":{"line":10,"column":31}},"loc":{"start":{"line":10,"column":46},"end":{"line":17,"column":1}},"line":10},"2":{"name":"(anonymous_2)","decl":{"start":{"line":19,"column":24},"end":{"line":19,"column":25}},"loc":{"start":{"line":19,"column":44},"end":{"line":44,"column":1}},"line":19},"3":{"name":"(anonymous_3)","decl":{"start":{"line":46,"column":21},"end":{"line":46,"column":22}},"loc":{"start":{"line":46,"column":41},"end":{"line":67,"column":1}},"line":46},"4":{"name":"(anonymous_4)","decl":{"start":{"line":69,"column":22},"end":{"line":69,"column":23}},"loc":{"start":{"line":69,"column":42},"end":{"line":75,"column":1}},"line":69},"5":{"name":"(anonymous_5)","decl":{"start":{"line":77,"column":21},"end":{"line":77,"column":22}},"loc":{"start":{"line":77,"column":41},"end":{"line":79,"column":1}},"line":77},"6":{"name":"(anonymous_6)","decl":{"start":{"line":81,"column":29},"end":{"line":81,"column":30}},"loc":{"start":{"line":81,"column":49},"end":{"line":99,"column":1}},"line":81},"7":{"name":"(anonymous_7)","decl":{"start":{"line":101,"column":26},"end":{"line":101,"column":27}},"loc":{"start":{"line":101,"column":46},"end":{"line":114,"column":1}},"line":101},"8":{"name":"(anonymous_8)","decl":{"start":{"line":116,"column":27},"end":{"line":116,"column":28}},"loc":{"start":{"line":116,"column":47},"end":{"line":148,"column":1}},"line":116},"9":{"name":"(anonymous_9)","decl":{"start":{"line":150,"column":29},"end":{"line":150,"column":30}},"loc":{"start":{"line":150,"column":49},"end":{"line":173,"column":1}},"line":150},"10":{"name":"(anonymous_10)","decl":{"start":{"line":175,"column":29},"end":{"line":175,"column":30}},"loc":{"start":{"line":175,"column":49},"end":{"line":233,"column":1}},"line":175},"11":{"name":"(anonymous_11)","decl":{"start":{"line":228,"column":55},"end":{"line":228,"column":56}},"loc":{"start":{"line":228,"column":64},"end":{"line":228,"column":75}},"line":228}},"branchMap":{"0":{"loc":{"start":{"line":24,"column":4},"end":{"line":26,"column":5}},"type":"if","locations":[{"start":{"line":24,"column":4},"end":{"line":26,"column":5}},{"start":{},"end":{}}],"line":24},"1":{"loc":{"start":{"line":51,"column":4},"end":{"line":53,"column":5}},"type":"if","locations":[{"start":{"line":51,"column":4},"end":{"line":53,"column":5}},{"start":{},"end":{}}],"line":51},"2":{"loc":{"start":{"line":56,"column":4},"end":{"line":58,"column":5}},"type":"if","locations":[{"start":{"line":56,"column":4},"end":{"line":58,"column":5}},{"start":{},"end":{}}],"line":56},"3":{"loc":{"start":{"line":84,"column":4},"end":{"line":86,"column":5}},"type":"if","locations":[{"start":{"line":84,"column":4},"end":{"line":86,"column":5}},{"start":{},"end":{}}],"line":84},"4":{"loc":{"start":{"line":84,"column":8},"end":{"line":84,"column":40}},"type":"binary-expr","locations":[{"start":{"line":84,"column":8},"end":{"line":84,"column":17}},{"start":{"line":84,"column":21},"end":{"line":84,"column":40}}],"line":84},"5":{"loc":{"start":{"line":90,"column":4},"end":{"line":92,"column":5}},"type":"if","locations":[{"start":{"line":90,"column":4},"end":{"line":92,"column":5}},{"start":{},"end":{}}],"line":90},"6":{"loc":{"start":{"line":104,"column":4},"end":{"line":106,"column":5}},"type":"if","locations":[{"start":{"line":104,"column":4},"end":{"line":106,"column":5}},{"start":{},"end":{}}],"line":104},"7":{"loc":{"start":{"line":122,"column":4},"end":{"line":124,"column":5}},"type":"if","locations":[{"start":{"line":122,"column":4},"end":{"line":124,"column":5}},{"start":{},"end":{}}],"line":122},"8":{"loc":{"start":{"line":127,"column":4},"end":{"line":129,"column":5}},"type":"if","locations":[{"start":{"line":127,"column":4},"end":{"line":129,"column":5}},{"start":{},"end":{}}],"line":127},"9":{"loc":{"start":{"line":133,"column":4},"end":{"line":140,"column":5}},"type":"if","locations":[{"start":{"line":133,"column":4},"end":{"line":140,"column":5}},{"start":{},"end":{}}],"line":133},"10":{"loc":{"start":{"line":133,"column":8},"end":{"line":133,"column":36}},"type":"binary-expr","locations":[{"start":{"line":133,"column":8},"end":{"line":133,"column":13}},{"start":{"line":133,"column":17},"end":{"line":133,"column":36}}],"line":133},"11":{"loc":{"start":{"line":136,"column":6},"end":{"line":138,"column":7}},"type":"if","locations":[{"start":{"line":136,"column":6},"end":{"line":138,"column":7}},{"start":{},"end":{}}],"line":136},"12":{"loc":{"start":{"line":136,"column":10},"end":{"line":136,"column":75}},"type":"binary-expr","locations":[{"start":{"line":136,"column":10},"end":{"line":136,"column":21}},{"start":{"line":136,"column":25},"end":{"line":136,"column":75}}],"line":136},"13":{"loc":{"start":{"line":180,"column":4},"end":{"line":182,"column":5}},"type":"if","locations":[{"start":{"line":180,"column":4},"end":{"line":182,"column":5}},{"start":{},"end":{}}],"line":180},"14":{"loc":{"start":{"line":184,"column":4},"end":{"line":186,"column":5}},"type":"if","locations":[{"start":{"line":184,"column":4},"end":{"line":186,"column":5}},{"start":{},"end":{}}],"line":184},"15":{"loc":{"start":{"line":188,"column":4},"end":{"line":198,"column":5}},"type":"if","locations":[{"start":{"line":188,"column":4},"end":{"line":198,"column":5}},{"start":{},"end":{}}],"line":188},"16":{"loc":{"start":{"line":189,"column":6},"end":{"line":197,"column":7}},"type":"if","locations":[{"start":{"line":189,"column":6},"end":{"line":197,"column":7}},{"start":{},"end":{}}],"line":189},"17":{"loc":{"start":{"line":193,"column":8},"end":{"line":195,"column":9}},"type":"if","locations":[{"start":{"line":193,"column":8},"end":{"line":195,"column":9}},{"start":{},"end":{}}],"line":193},"18":{"loc":{"start":{"line":193,"column":12},"end":{"line":193,"column":87}},"type":"binary-expr","locations":[{"start":{"line":193,"column":12},"end":{"line":193,"column":28}},{"start":{"line":193,"column":32},"end":{"line":193,"column":87}}],"line":193},"19":{"loc":{"start":{"line":200,"column":4},"end":{"line":211,"column":5}},"type":"if","locations":[{"start":{"line":200,"column":4},"end":{"line":211,"column":5}},{"start":{},"end":{}}],"line":200},"20":{"loc":{"start":{"line":201,"column":6},"end":{"line":210,"column":7}},"type":"if","locations":[{"start":{"line":201,"column":6},"end":{"line":210,"column":7}},{"start":{"line":208,"column":13},"end":{"line":210,"column":7}}],"line":201},"21":{"loc":{"start":{"line":204,"column":8},"end":{"line":206,"column":9}},"type":"if","locations":[{"start":{"line":204,"column":8},"end":{"line":206,"column":9}},{"start":{},"end":{}}],"line":204},"22":{"loc":{"start":{"line":204,"column":12},"end":{"line":204,"column":77}},"type":"binary-expr","locations":[{"start":{"line":204,"column":12},"end":{"line":204,"column":23}},{"start":{"line":204,"column":27},"end":{"line":204,"column":77}}],"line":204},"23":{"loc":{"start":{"line":227,"column":4},"end":{"line":230,"column":5}},"type":"if","locations":[{"start":{"line":227,"column":4},"end":{"line":230,"column":5}},{"start":{},"end":{}}],"line":227}},"s":{"0":3,"1":1,"2":3,"3":1,"4":3,"5":1,"6":1,"7":1,"8":1,"9":0,"10":1,"11":1,"12":1,"13":1,"14":1,"15":1,"16":0,"17":3,"18":1,"19":1,"20":1,"21":1,"22":0,"23":1,"24":1,"25":1,"26":0,"27":0,"28":0,"29":0,"30":3,"31":0,"32":0,"33":3,"34":0,"35":3,"36":0,"37":0,"38":0,"39":0,"40":0,"41":0,"42":0,"43":0,"44":0,"45":0,"46":3,"47":0,"48":0,"49":0,"50":0,"51":0,"52":0,"53":0,"54":0,"55":3,"56":0,"57":0,"58":0,"59":0,"60":0,"61":0,"62":0,"63":0,"64":0,"65":0,"66":0,"67":0,"68":0,"69":0,"70":0,"71":0,"72":0,"73":0,"74":3,"75":0,"76":0,"77":0,"78":0,"79":0,"80":0,"81":0,"82":3,"83":0,"84":0,"85":0,"86":0,"87":0,"88":0,"89":0,"90":0,"91":0,"92":0,"93":0,"94":0,"95":0,"96":0,"97":0,"98":0,"99":0,"100":0,"101":0,"102":0,"103":0,"104":0,"105":0,"106":0,"107":0,"108":0,"109":0,"110":0,"111":0},"f":{"0":1,"1":1,"2":1,"3":1,"4":0,"5":0,"6":0,"7":0,"8":0,"9":0,"10":0,"11":0},"b":{"0":[0,1],"1":[0,1],"2":[1,0],"3":[0,0],"4":[0,0],"5":[0,0],"6":[0,0],"7":[0,0],"8":[0,0],"9":[0,0],"10":[0,0],"11":[0,0],"12":[0,0],"13":[0,0],"14":[0,0],"15":[0,0],"16":[0,0],"17":[0,0],"18":[0,0],"19":[0,0],"20":[0,0],"21":[0,0],"22":[0,0],"23":[0,0]},"_coverageSchema":"1a1c01bbd47fc00a2c39e90264f33305004495a9","hash":"33883198ef8054e3c2edbaff7691cef993615fad"}
,"D:\\Codes\\PROJECTS\\fairshare\\backend\\src\\controllers\\expenseController.js": {"path":"D:\\Codes\\PROJECTS\\fairshare\\backend\\src\\controllers\\expenseController.js","statementMap":{"0":{"start":{"line":5,"column":32},"end":{"line":11,"column":1}},"1":{"start":{"line":6,"column":16},"end":{"line":6,"column":45}},"2":{"start":{"line":7,"column":2},"end":{"line":7,"column":63}},"3":{"start":{"line":7,"column":14},"end":{"line":7,"column":63}},"4":{"start":{"line":8,"column":19},"end":{"line":8,"column":80}},"5":{"start":{"line":8,"column":45},"end":{"line":8,"column":79}},"6":{"start":{"line":9,"column":2},"end":{"line":9,"column":100}},"7":{"start":{"line":9,"column":17},"end":{"line":9,"column":100}},"8":{"start":{"line":10,"column":2},"end":{"line":10,"column":19}},"9":{"start":{"line":13,"column":29},"end":{"line":78,"column":1}},"10":{"start":{"line":14,"column":18},"end":{"line":14,"column":47}},"11":{"start":{"line":15,"column":2},"end":{"line":15,"column":29}},"12":{"start":{"line":16,"column":2},"end":{"line":77,"column":3}},"13":{"start":{"line":17,"column":77},"end":{"line":17,"column":85}},"14":{"start":{"line":19,"column":37},"end":{"line":19,"column":89}},"15":{"start":{"line":20,"column":4},"end":{"line":24,"column":5}},"16":{"start":{"line":21,"column":6},"end":{"line":21,"column":39}},"17":{"start":{"line":22,"column":6},"end":{"line":22,"column":27}},"18":{"start":{"line":23,"column":6},"end":{"line":23,"column":57}},"19":{"start":{"line":26,"column":27},"end":{"line":26,"column":88}},"20":{"start":{"line":26,"column":53},"end":{"line":26,"column":87}},"21":{"start":{"line":27,"column":4},"end":{"line":31,"column":5}},"22":{"start":{"line":28,"column":6},"end":{"line":28,"column":39}},"23":{"start":{"line":29,"column":6},"end":{"line":29,"column":27}},"24":{"start":{"line":30,"column":6},"end":{"line":30,"column":90}},"25":{"start":{"line":33,"column":25},"end":{"line":33,"column":27}},"26":{"start":{"line":35,"column":4},"end":{"line":50,"column":5}},"27":{"start":{"line":36,"column":26},"end":{"line":36,"column":46}},"28":{"start":{"line":37,"column":24},"end":{"line":37,"column":61}},"29":{"start":{"line":38,"column":24},"end":{"line":38,"column":61}},"30":{"start":{"line":40,"column":6},"end":{"line":43,"column":10}},"31":{"start":{"line":40,"column":63},"end":{"line":43,"column":7}},"32":{"start":{"line":44,"column":11},"end":{"line":50,"column":5}},"33":{"start":{"line":45,"column":6},"end":{"line":45,"column":30}},"34":{"start":{"line":47,"column":6},"end":{"line":47,"column":39}},"35":{"start":{"line":48,"column":6},"end":{"line":48,"column":27}},"36":{"start":{"line":49,"column":6},"end":{"line":49,"column":88}},"37":{"start":{"line":52,"column":22},"end":{"line":60,"column":20}},"38":{"start":{"line":62,"column":4},"end":{"line":62,"column":33}},"39":{"start":{"line":63,"column":4},"end":{"line":63,"column":34}},"40":{"start":{"line":65,"column":4},"end":{"line":65,"column":38}},"41":{"start":{"line":66,"column":4},"end":{"line":66,"column":25}},"42":{"start":{"line":68,"column":4},"end":{"line":68,"column":73}},"43":{"start":{"line":69,"column":4},"end":{"line":69,"column":78}},"44":{"start":{"line":70,"column":4},"end":{"line":70,"column":76}},"45":{"start":{"line":72,"column":4},"end":{"line":72,"column":38}},"46":{"start":{"line":74,"column":4},"end":{"line":74,"column":37}},"47":{"start":{"line":75,"column":4},"end":{"line":75,"column":25}},"48":{"start":{"line":76,"column":4},"end":{"line":76,"column":88}},"49":{"start":{"line":80,"column":27},"end":{"line":97,"column":1}},"50":{"start":{"line":81,"column":2},"end":{"line":96,"column":3}},"51":{"start":{"line":82,"column":24},"end":{"line":82,"column":34}},"52":{"start":{"line":84,"column":30},"end":{"line":84,"column":82}},"53":{"start":{"line":85,"column":4},"end":{"line":85,"column":66}},"54":{"start":{"line":85,"column":15},"end":{"line":85,"column":66}},"55":{"start":{"line":87,"column":21},"end":{"line":91,"column":30}},"56":{"start":{"line":93,"column":4},"end":{"line":93,"column":39}},"57":{"start":{"line":95,"column":4},"end":{"line":95,"column":88}},"58":{"start":{"line":99,"column":29},"end":{"line":116,"column":1}},"59":{"start":{"line":100,"column":2},"end":{"line":115,"column":3}},"60":{"start":{"line":101,"column":20},"end":{"line":101,"column":57}},"61":{"start":{"line":103,"column":4},"end":{"line":105,"column":5}},"62":{"start":{"line":104,"column":6},"end":{"line":104,"column":68}},"63":{"start":{"line":107,"column":30},"end":{"line":107,"column":88}},"64":{"start":{"line":108,"column":4},"end":{"line":108,"column":66}},"65":{"start":{"line":108,"column":15},"end":{"line":108,"column":66}},"66":{"start":{"line":110,"column":4},"end":{"line":110,"column":30}},"67":{"start":{"line":112,"column":4},"end":{"line":112,"column":70}},"68":{"start":{"line":114,"column":4},"end":{"line":114,"column":88}},"69":{"start":{"line":118,"column":32},"end":{"line":158,"column":1}},"70":{"start":{"line":119,"column":18},"end":{"line":119,"column":47}},"71":{"start":{"line":120,"column":2},"end":{"line":120,"column":29}},"72":{"start":{"line":121,"column":2},"end":{"line":157,"column":3}},"73":{"start":{"line":122,"column":58},"end":{"line":122,"column":66}},"74":{"start":{"line":124,"column":37},"end":{"line":124,"column":89}},"75":{"start":{"line":125,"column":4},"end":{"line":129,"column":5}},"76":{"start":{"line":126,"column":6},"end":{"line":126,"column":39}},"77":{"start":{"line":127,"column":6},"end":{"line":127,"column":27}},"78":{"start":{"line":128,"column":6},"end":{"line":128,"column":57}},"79":{"start":{"line":131,"column":25},"end":{"line":140,"column":20}},"80":{"start":{"line":142,"column":4},"end":{"line":142,"column":33}},"81":{"start":{"line":143,"column":4},"end":{"line":143,"column":34}},"82":{"start":{"line":145,"column":4},"end":{"line":145,"column":38}},"83":{"start":{"line":146,"column":4},"end":{"line":146,"column":25}},"84":{"start":{"line":148,"column":4},"end":{"line":148,"column":76}},"85":{"start":{"line":149,"column":4},"end":{"line":149,"column":81}},"86":{"start":{"line":150,"column":4},"end":{"line":150,"column":79}},"87":{"start":{"line":152,"column":4},"end":{"line":152,"column":41}},"88":{"start":{"line":154,"column":4},"end":{"line":154,"column":37}},"89":{"start":{"line":155,"column":4},"end":{"line":155,"column":25}},"90":{"start":{"line":156,"column":4},"end":{"line":156,"column":91}},"91":{"start":{"line":160,"column":32},"end":{"line":181,"column":1}},"92":{"start":{"line":161,"column":2},"end":{"line":180,"column":3}},"93":{"start":{"line":162,"column":19},"end":{"line":162,"column":31}},"94":{"start":{"line":165,"column":24},"end":{"line":175,"column":30}},"95":{"start":{"line":177,"column":4},"end":{"line":177,"column":42}},"96":{"start":{"line":179,"column":4},"end":{"line":179,"column":91}}},"fnMap":{"0":{"name":"(anonymous_0)","decl":{"start":{"line":5,"column":32},"end":{"line":5,"column":33}},"loc":{"start":{"line":5,"column":59},"end":{"line":11,"column":1}},"line":5},"1":{"name":"(anonymous_1)","decl":{"start":{"line":8,"column":38},"end":{"line":8,"column":39}},"loc":{"start":{"line":8,"column":45},"end":{"line":8,"column":79}},"line":8},"2":{"name":"(anonymous_2)","decl":{"start":{"line":13,"column":29},"end":{"line":13,"column":30}},"loc":{"start":{"line":13,"column":49},"end":{"line":78,"column":1}},"line":13},"3":{"name":"(anonymous_3)","decl":{"start":{"line":26,"column":46},"end":{"line":26,"column":47}},"loc":{"start":{"line":26,"column":53},"end":{"line":26,"column":87}},"line":26},"4":{"name":"(anonymous_4)","decl":{"start":{"line":40,"column":41},"end":{"line":40,"column":42}},"loc":{"start":{"line":40,"column":63},"end":{"line":43,"column":7}},"line":40},"5":{"name":"(anonymous_5)","decl":{"start":{"line":80,"column":27},"end":{"line":80,"column":28}},"loc":{"start":{"line":80,"column":47},"end":{"line":97,"column":1}},"line":80},"6":{"name":"(anonymous_6)","decl":{"start":{"line":99,"column":29},"end":{"line":99,"column":30}},"loc":{"start":{"line":99,"column":49},"end":{"line":116,"column":1}},"line":99},"7":{"name":"(anonymous_7)","decl":{"start":{"line":118,"column":32},"end":{"line":118,"column":33}},"loc":{"start":{"line":118,"column":52},"end":{"line":158,"column":1}},"line":118},"8":{"name":"(anonymous_8)","decl":{"start":{"line":160,"column":32},"end":{"line":160,"column":33}},"loc":{"start":{"line":160,"column":52},"end":{"line":181,"column":1}},"line":160}},"branchMap":{"0":{"loc":{"start":{"line":7,"column":2},"end":{"line":7,"column":63}},"type":"if","locations":[{"start":{"line":7,"column":2},"end":{"line":7,"column":63}},{"start":{},"end":{}}],"line":7},"1":{"loc":{"start":{"line":9,"column":2},"end":{"line":9,"column":100}},"type":"if","locations":[{"start":{"line":9,"column":2},"end":{"line":9,"column":100}},{"start":{},"end":{}}],"line":9},"2":{"loc":{"start":{"line":20,"column":4},"end":{"line":24,"column":5}},"type":"if","locations":[{"start":{"line":20,"column":4},"end":{"line":24,"column":5}},{"start":{},"end":{}}],"line":20},"3":{"loc":{"start":{"line":27,"column":4},"end":{"line":31,"column":5}},"type":"if","locations":[{"start":{"line":27,"column":4},"end":{"line":31,"column":5}},{"start":{},"end":{}}],"line":27},"4":{"loc":{"start":{"line":35,"column":4},"end":{"line":50,"column":5}},"type":"if","locations":[{"start":{"line":35,"column":4},"end":{"line":50,"column":5}},{"start":{"line":44,"column":11},"end":{"line":50,"column":5}}],"line":35},"5":{"loc":{"start":{"line":42,"column":21},"end":{"line":42,"column":68}},"type":"cond-expr","locations":[{"start":{"line":42,"column":35},"end":{"line":42,"column":56}},{"start":{"line":42,"column":59},"end":{"line":42,"column":68}}],"line":42},"6":{"loc":{"start":{"line":44,"column":11},"end":{"line":50,"column":5}},"type":"if","locations":[{"start":{"line":44,"column":11},"end":{"line":50,"column":5}},{"start":{"line":46,"column":11},"end":{"line":50,"column":5}}],"line":44},"7":{"loc":{"start":{"line":85,"column":4},"end":{"line":85,"column":66}},"type":"if","locations":[{"start":{"line":85,"column":4},"end":{"line":85,"column":66}},{"start":{},"end":{}}],"line":85},"8":{"loc":{"start":{"line":103,"column":4},"end":{"line":105,"column":5}},"type":"if","locations":[{"start":{"line":103,"column":4},"end":{"line":105,"column":5}},{"start":{},"end":{}}],"line":103},"9":{"loc":{"start":{"line":108,"column":4},"end":{"line":108,"column":66}},"type":"if","locations":[{"start":{"line":108,"column":4},"end":{"line":108,"column":66}},{"start":{},"end":{}}],"line":108},"10":{"loc":{"start":{"line":125,"column":4},"end":{"line":129,"column":5}},"type":"if","locations":[{"start":{"line":125,"column":4},"end":{"line":129,"column":5}},{"start":{},"end":{}}],"line":125}},"s":{"0":3,"1":1,"2":1,"3":0,"4":1,"5":1,"6":1,"7":0,"8":1,"9":3,"10":1,"11":1,"12":1,"13":1,"14":1,"15":1,"16":0,"17":0,"18":0,"19":1,"20":1,"21":1,"22":0,"23":0,"24":0,"25":1,"26":1,"27":0,"28":0,"29":0,"30":0,"31":0,"32":1,"33":1,"34":0,"35":0,"36":0,"37":1,"38":1,"39":1,"40":1,"41":1,"42":1,"43":1,"44":1,"45":1,"46":0,"47":0,"48":0,"49":3,"50":0,"51":0,"52":0,"53":0,"54":0,"55":0,"56":0,"57":0,"58":3,"59":0,"60":0,"61":0,"62":0,"63":0,"64":0,"65":0,"66":0,"67":0,"68":0,"69":3,"70":0,"71":0,"72":0,"73":0,"74":0,"75":0,"76":0,"77":0,"78":0,"79":0,"80":0,"81":0,"82":0,"83":0,"84":0,"85":0,"86":0,"87":0,"88":0,"89":0,"90":0,"91":3,"92":0,"93":0,"94":0,"95":0,"96":0},"f":{"0":1,"1":1,"2":1,"3":1,"4":0,"5":0,"6":0,"7":0,"8":0},"b":{"0":[0,1],"1":[0,1],"2":[0,1],"3":[0,1],"4":[0,1],"5":[0,0],"6":[1,0],"7":[0,0],"8":[0,0],"9":[0,0],"10":[0,0]},"_coverageSchema":"1a1c01bbd47fc00a2c39e90264f33305004495a9","hash":"9ffc636200e34a406e39748c2bec050b7556bc83"}
,"D:\\Codes\\PROJECTS\\fairshare\\backend\\src\\controllers\\groupController.js": {"path":"D:\\Codes\\PROJECTS\\fairshare\\backend\\src\\controllers\\groupController.js","statementMap":{"0":{"start":{"line":6,"column":27},"end":{"line":24,"column":1}},"1":{"start":{"line":7,"column":2},"end":{"line":23,"column":3}},"2":{"start":{"line":8,"column":34},"end":{"line":8,"column":42}},"3":{"start":{"line":10,"column":18},"end":{"line":15,"column":6}},"4":{"start":{"line":17,"column":4},"end":{"line":17,"column":66}},"5":{"start":{"line":18,"column":4},"end":{"line":18,"column":68}},"6":{"start":{"line":20,"column":4},"end":{"line":20,"column":36}},"7":{"start":{"line":22,"column":4},"end":{"line":22,"column":86}},"8":{"start":{"line":26,"column":25},"end":{"line":37,"column":1}},"9":{"start":{"line":27,"column":2},"end":{"line":36,"column":3}},"10":{"start":{"line":28,"column":19},"end":{"line":31,"column":30}},"11":{"start":{"line":33,"column":4},"end":{"line":33,"column":37}},"12":{"start":{"line":35,"column":4},"end":{"line":35,"column":86}},"13":{"start":{"line":39,"column":28},"end":{"line":61,"column":1}},"14":{"start":{"line":40,"column":2},"end":{"line":60,"column":3}},"15":{"start":{"line":41,"column":18},"end":{"line":43,"column":58}},"16":{"start":{"line":45,"column":4},"end":{"line":47,"column":5}},"17":{"start":{"line":46,"column":6},"end":{"line":46,"column":66}},"18":{"start":{"line":49,"column":21},"end":{"line":51,"column":5}},"19":{"start":{"line":50,"column":13},"end":{"line":50,"column":57}},"20":{"start":{"line":53,"column":4},"end":{"line":55,"column":5}},"21":{"start":{"line":54,"column":6},"end":{"line":54,"column":100}},"22":{"start":{"line":57,"column":4},"end":{"line":57,"column":36}},"23":{"start":{"line":59,"column":4},"end":{"line":59,"column":85}},"24":{"start":{"line":63,"column":27},"end":{"line":90,"column":1}},"25":{"start":{"line":64,"column":2},"end":{"line":89,"column":3}},"26":{"start":{"line":65,"column":34},"end":{"line":65,"column":42}},"27":{"start":{"line":66,"column":18},"end":{"line":66,"column":53}},"28":{"start":{"line":68,"column":4},"end":{"line":70,"column":5}},"29":{"start":{"line":69,"column":6},"end":{"line":69,"column":66}},"30":{"start":{"line":72,"column":21},"end":{"line":72,"column":100}},"31":{"start":{"line":72,"column":52},"end":{"line":72,"column":99}},"32":{"start":{"line":74,"column":4},"end":{"line":76,"column":5}},"33":{"start":{"line":75,"column":6},"end":{"line":75,"column":91}},"34":{"start":{"line":78,"column":4},"end":{"line":78,"column":32}},"35":{"start":{"line":78,"column":14},"end":{"line":78,"column":32}},"36":{"start":{"line":79,"column":4},"end":{"line":79,"column":67}},"37":{"start":{"line":79,"column":35},"end":{"line":79,"column":67}},"38":{"start":{"line":81,"column":4},"end":{"line":81,"column":23}},"39":{"start":{"line":83,"column":4},"end":{"line":83,"column":66}},"40":{"start":{"line":84,"column":4},"end":{"line":84,"column":68}},"41":{"start":{"line":86,"column":4},"end":{"line":86,"column":36}},"42":{"start":{"line":88,"column":4},"end":{"line":88,"column":86}},"43":{"start":{"line":92,"column":25},"end":{"line":136,"column":1}},"44":{"start":{"line":93,"column":2},"end":{"line":135,"column":3}},"45":{"start":{"line":94,"column":22},"end":{"line":94,"column":30}},"46":{"start":{"line":96,"column":18},"end":{"line":96,"column":53}},"47":{"start":{"line":98,"column":4},"end":{"line":100,"column":5}},"48":{"start":{"line":99,"column":6},"end":{"line":99,"column":66}},"49":{"start":{"line":102,"column":21},"end":{"line":102,"column":86}},"50":{"start":{"line":102,"column":45},"end":{"line":102,"column":85}},"51":{"start":{"line":103,"column":4},"end":{"line":105,"column":5}},"52":{"start":{"line":104,"column":6},"end":{"line":104,"column":89}},"53":{"start":{"line":107,"column":22},"end":{"line":112,"column":6}},"54":{"start":{"line":114,"column":4},"end":{"line":116,"column":5}},"55":{"start":{"line":115,"column":6},"end":{"line":115,"column":92}},"56":{"start":{"line":118,"column":26},"end":{"line":120,"column":5}},"57":{"start":{"line":119,"column":13},"end":{"line":119,"column":54}},"58":{"start":{"line":122,"column":4},"end":{"line":124,"column":5}},"59":{"start":{"line":123,"column":6},"end":{"line":123,"column":89}},"60":{"start":{"line":126,"column":4},"end":{"line":126,"column":38}},"61":{"start":{"line":127,"column":4},"end":{"line":127,"column":23}},"62":{"start":{"line":129,"column":4},"end":{"line":129,"column":66}},"63":{"start":{"line":130,"column":4},"end":{"line":130,"column":68}},"64":{"start":{"line":132,"column":4},"end":{"line":132,"column":36}},"65":{"start":{"line":134,"column":4},"end":{"line":134,"column":84}},"66":{"start":{"line":138,"column":28},"end":{"line":174,"column":1}},"67":{"start":{"line":139,"column":2},"end":{"line":173,"column":3}},"68":{"start":{"line":140,"column":38},"end":{"line":140,"column":48}},"69":{"start":{"line":142,"column":18},"end":{"line":142,"column":47}},"70":{"start":{"line":143,"column":4},"end":{"line":145,"column":5}},"71":{"start":{"line":144,"column":6},"end":{"line":144,"column":66}},"72":{"start":{"line":147,"column":21},"end":{"line":147,"column":86}},"73":{"start":{"line":147,"column":45},"end":{"line":147,"column":85}},"74":{"start":{"line":148,"column":4},"end":{"line":150,"column":5}},"75":{"start":{"line":149,"column":6},"end":{"line":149,"column":88}},"76":{"start":{"line":152,"column":25},"end":{"line":152,"column":75}},"77":{"start":{"line":152,"column":49},"end":{"line":152,"column":74}},"78":{"start":{"line":153,"column":4},"end":{"line":155,"column":5}},"79":{"start":{"line":154,"column":6},"end":{"line":154,"column":85}},"80":{"start":{"line":157,"column":21},"end":{"line":157,"column":53}},"81":{"start":{"line":158,"column":26},"end":{"line":158,"column":49}},"82":{"start":{"line":160,"column":4},"end":{"line":162,"column":5}},"83":{"start":{"line":161,"column":6},"end":{"line":161,"column":116}},"84":{"start":{"line":164,"column":4},"end":{"line":164,"column":73}},"85":{"start":{"line":164,"column":46},"end":{"line":164,"column":71}},"86":{"start":{"line":165,"column":4},"end":{"line":165,"column":23}},"87":{"start":{"line":167,"column":4},"end":{"line":167,"column":66}},"88":{"start":{"line":168,"column":4},"end":{"line":168,"column":68}},"89":{"start":{"line":170,"column":4},"end":{"line":170,"column":76}},"90":{"start":{"line":172,"column":4},"end":{"line":172,"column":87}},"91":{"start":{"line":176,"column":27},"end":{"line":202,"column":1}},"92":{"start":{"line":177,"column":2},"end":{"line":201,"column":3}},"93":{"start":{"line":178,"column":18},"end":{"line":178,"column":53}},"94":{"start":{"line":180,"column":4},"end":{"line":182,"column":5}},"95":{"start":{"line":181,"column":6},"end":{"line":181,"column":66}},"96":{"start":{"line":184,"column":21},"end":{"line":184,"column":100}},"97":{"start":{"line":184,"column":52},"end":{"line":184,"column":99}},"98":{"start":{"line":186,"column":4},"end":{"line":188,"column":5}},"99":{"start":{"line":187,"column":6},"end":{"line":187,"column":91}},"100":{"start":{"line":191,"column":4},"end":{"line":194,"column":6}},"101":{"start":{"line":195,"column":4},"end":{"line":195,"column":80}},"102":{"start":{"line":196,"column":4},"end":{"line":196,"column":28}},"103":{"start":{"line":198,"column":4},"end":{"line":198,"column":68}},"104":{"start":{"line":200,"column":4},"end":{"line":200,"column":86}}},"fnMap":{"0":{"name":"(anonymous_0)","decl":{"start":{"line":6,"column":27},"end":{"line":6,"column":28}},"loc":{"start":{"line":6,"column":47},"end":{"line":24,"column":1}},"line":6},"1":{"name":"(anonymous_1)","decl":{"start":{"line":26,"column":25},"end":{"line":26,"column":26}},"loc":{"start":{"line":26,"column":45},"end":{"line":37,"column":1}},"line":26},"2":{"name":"(anonymous_2)","decl":{"start":{"line":39,"column":28},"end":{"line":39,"column":29}},"loc":{"start":{"line":39,"column":48},"end":{"line":61,"column":1}},"line":39},"3":{"name":"(anonymous_3)","decl":{"start":{"line":50,"column":6},"end":{"line":50,"column":7}},"loc":{"start":{"line":50,"column":13},"end":{"line":50,"column":57}},"line":50},"4":{"name":"(anonymous_4)","decl":{"start":{"line":63,"column":27},"end":{"line":63,"column":28}},"loc":{"start":{"line":63,"column":47},"end":{"line":90,"column":1}},"line":63},"5":{"name":"(anonymous_5)","decl":{"start":{"line":72,"column":40},"end":{"line":72,"column":41}},"loc":{"start":{"line":72,"column":52},"end":{"line":72,"column":99}},"line":72},"6":{"name":"(anonymous_6)","decl":{"start":{"line":92,"column":25},"end":{"line":92,"column":26}},"loc":{"start":{"line":92,"column":45},"end":{"line":136,"column":1}},"line":92},"7":{"name":"(anonymous_7)","decl":{"start":{"line":102,"column":40},"end":{"line":102,"column":41}},"loc":{"start":{"line":102,"column":45},"end":{"line":102,"column":85}},"line":102},"8":{"name":"(anonymous_8)","decl":{"start":{"line":119,"column":6},"end":{"line":119,"column":7}},"loc":{"start":{"line":119,"column":13},"end":{"line":119,"column":54}},"line":119},"9":{"name":"(anonymous_9)","decl":{"start":{"line":138,"column":28},"end":{"line":138,"column":29}},"loc":{"start":{"line":138,"column":48},"end":{"line":174,"column":1}},"line":138},"10":{"name":"(anonymous_10)","decl":{"start":{"line":147,"column":40},"end":{"line":147,"column":41}},"loc":{"start":{"line":147,"column":45},"end":{"line":147,"column":85}},"line":147},"11":{"name":"(anonymous_11)","decl":{"start":{"line":152,"column":44},"end":{"line":152,"column":45}},"loc":{"start":{"line":152,"column":49},"end":{"line":152,"column":74}},"line":152},"12":{"name":"(anonymous_12)","decl":{"start":{"line":164,"column":41},"end":{"line":164,"column":42}},"loc":{"start":{"line":164,"column":46},"end":{"line":164,"column":71}},"line":164},"13":{"name":"(anonymous_13)","decl":{"start":{"line":176,"column":27},"end":{"line":176,"column":28}},"loc":{"start":{"line":176,"column":47},"end":{"line":202,"column":1}},"line":176},"14":{"name":"(anonymous_14)","decl":{"start":{"line":184,"column":40},"end":{"line":184,"column":41}},"loc":{"start":{"line":184,"column":52},"end":{"line":184,"column":99}},"line":184}},"branchMap":{"0":{"loc":{"start":{"line":12,"column":19},"end":{"line":12,"column":36}},"type":"binary-expr","locations":[{"start":{"line":12,"column":19},"end":{"line":12,"column":30}},{"start":{"line":12,"column":34},"end":{"line":12,"column":36}}],"line":12},"1":{"loc":{"start":{"line":45,"column":4},"end":{"line":47,"column":5}},"type":"if","locations":[{"start":{"line":45,"column":4},"end":{"line":47,"column":5}},{"start":{},"end":{}}],"line":45},"2":{"loc":{"start":{"line":53,"column":4},"end":{"line":55,"column":5}},"type":"if","locations":[{"start":{"line":53,"column":4},"end":{"line":55,"column":5}},{"start":{},"end":{}}],"line":53},"3":{"loc":{"start":{"line":68,"column":4},"end":{"line":70,"column":5}},"type":"if","locations":[{"start":{"line":68,"column":4},"end":{"line":70,"column":5}},{"start":{},"end":{}}],"line":68},"4":{"loc":{"start":{"line":74,"column":4},"end":{"line":76,"column":5}},"type":"if","locations":[{"start":{"line":74,"column":4},"end":{"line":76,"column":5}},{"start":{},"end":{}}],"line":74},"5":{"loc":{"start":{"line":78,"column":4},"end":{"line":78,"column":32}},"type":"if","locations":[{"start":{"line":78,"column":4},"end":{"line":78,"column":32}},{"start":{},"end":{}}],"line":78},"6":{"loc":{"start":{"line":79,"column":4},"end":{"line":79,"column":67}},"type":"if","locations":[{"start":{"line":79,"column":4},"end":{"line":79,"column":67}},{"start":{},"end":{}}],"line":79},"7":{"loc":{"start":{"line":98,"column":4},"end":{"line":100,"column":5}},"type":"if","locations":[{"start":{"line":98,"column":4},"end":{"line":100,"column":5}},{"start":{},"end":{}}],"line":98},"8":{"loc":{"start":{"line":103,"column":4},"end":{"line":105,"column":5}},"type":"if","locations":[{"start":{"line":103,"column":4},"end":{"line":105,"column":5}},{"start":{},"end":{}}],"line":103},"9":{"loc":{"start":{"line":114,"column":4},"end":{"line":116,"column":5}},"type":"if","locations":[{"start":{"line":114,"column":4},"end":{"line":116,"column":5}},{"start":{},"end":{}}],"line":114},"10":{"loc":{"start":{"line":122,"column":4},"end":{"line":124,"column":5}},"type":"if","locations":[{"start":{"line":122,"column":4},"end":{"line":124,"column":5}},{"start":{},"end":{}}],"line":122},"11":{"loc":{"start":{"line":143,"column":4},"end":{"line":145,"column":5}},"type":"if","locations":[{"start":{"line":143,"column":4},"end":{"line":145,"column":5}},{"start":{},"end":{}}],"line":143},"12":{"loc":{"start":{"line":148,"column":4},"end":{"line":150,"column":5}},"type":"if","locations":[{"start":{"line":148,"column":4},"end":{"line":150,"column":5}},{"start":{},"end":{}}],"line":148},"13":{"loc":{"start":{"line":153,"column":4},"end":{"line":155,"column":5}},"type":"if","locations":[{"start":{"line":153,"column":4},"end":{"line":155,"column":5}},{"start":{},"end":{}}],"line":153},"14":{"loc":{"start":{"line":158,"column":26},"end":{"line":158,"column":49}},"type":"binary-expr","locations":[{"start":{"line":158,"column":26},"end":{"line":158,"column":44}},{"start":{"line":158,"column":48},"end":{"line":158,"column":49}}],"line":158},"15":{"loc":{"start":{"line":160,"column":4},"end":{"line":162,"column":5}},"type":"if","locations":[{"start":{"line":160,"column":4},"end":{"line":162,"column":5}},{"start":{},"end":{}}],"line":160},"16":{"loc":{"start":{"line":180,"column":4},"end":{"line":182,"column":5}},"type":"if","locations":[{"start":{"line":180,"column":4},"end":{"line":182,"column":5}},{"start":{},"end":{}}],"line":180},"17":{"loc":{"start":{"line":186,"column":4},"end":{"line":188,"column":5}},"type":"if","locations":[{"start":{"line":186,"column":4},"end":{"line":188,"column":5}},{"start":{},"end":{}}],"line":186}},"s":{"0":3,"1":1,"2":1,"3":1,"4":1,"5":1,"6":1,"7":0,"8":3,"9":0,"10":0,"11":0,"12":0,"13":3,"14":0,"15":0,"16":0,"17":0,"18":0,"19":0,"20":0,"21":0,"22":0,"23":0,"24":3,"25":0,"26":0,"27":0,"28":0,"29":0,"30":0,"31":0,"32":0,"33":0,"34":0,"35":0,"36":0,"37":0,"38":0,"39":0,"40":0,"41":0,"42":0,"43":3,"44":0,"45":0,"46":0,"47":0,"48":0,"49":0,"50":0,"51":0,"52":0,"53":0,"54":0,"55":0,"56":0,"57":0,"58":0,"59":0,"60":0,"61":0,"62":0,"63":0,"64":0,"65":0,"66":3,"67":0,"68":0,"69":0,"70":0,"71":0,"72":0,"73":0,"74":0,"75":0,"76":0,"77":0,"78":0,"79":0,"80":0,"81":0,"82":0,"83":0,"84":0,"85":0,"86":0,"87":0,"88":0,"89":0,"90":0,"91":3,"92":0,"93":0,"94":0,"95":0,"96":0,"97":0,"98":0,"99":0,"100":0,"101":0,"102":0,"103":0,"104":0},"f":{"0":1,"1":0,"2":0,"3":0,"4":0,"5":0,"6":0,"7":0,"8":0,"9":0,"10":0,"11":0,"12":0,"13":0,"14":0},"b":{"0":[1,0],"1":[0,0],"2":[0,0],"3":[0,0],"4":[0,0],"5":[0,0],"6":[0,0],"7":[0,0],"8":[0,0],"9":[0,0],"10":[0,0],"11":[0,0],"12":[0,0],"13":[0,0],"14":[0,0],"15":[0,0],"16":[0,0],"17":[0,0]},"_coverageSchema":"1a1c01bbd47fc00a2c39e90264f33305004495a9","hash":"a3fc17c25568d27c804e695f9e6da3a62ebc535b"}
,"D:\\Codes\\PROJECTS\\fairshare\\backend\\src\\middleware\\authMiddleware.js": {"path":"D:\\Codes\\PROJECTS\\fairshare\\backend\\src\\middleware\\authMiddleware.js","statementMap":{"0":{"start":{"line":4,"column":16},"end":{"line":28,"column":1}},"1":{"start":{"line":6,"column":2},"end":{"line":10,"column":3}},"2":{"start":{"line":7,"column":4},"end":{"line":7,"column":52}},"3":{"start":{"line":8,"column":9},"end":{"line":10,"column":3}},"4":{"start":{"line":9,"column":4},"end":{"line":9,"column":30}},"5":{"start":{"line":12,"column":2},"end":{"line":14,"column":3}},"6":{"start":{"line":13,"column":4},"end":{"line":13,"column":82}},"7":{"start":{"line":16,"column":2},"end":{"line":27,"column":3}},"8":{"start":{"line":17,"column":20},"end":{"line":17,"column":61}},"9":{"start":{"line":18,"column":4},"end":{"line":18,"column":71}},"10":{"start":{"line":20,"column":4},"end":{"line":22,"column":5}},"11":{"start":{"line":21,"column":6},"end":{"line":21,"column":81}},"12":{"start":{"line":24,"column":4},"end":{"line":24,"column":11}},"13":{"start":{"line":26,"column":4},"end":{"line":26,"column":89}}},"fnMap":{"0":{"name":"(anonymous_0)","decl":{"start":{"line":4,"column":16},"end":{"line":4,"column":17}},"loc":{"start":{"line":4,"column":42},"end":{"line":28,"column":1}},"line":4}},"branchMap":{"0":{"loc":{"start":{"line":6,"column":2},"end":{"line":10,"column":3}},"type":"if","locations":[{"start":{"line":6,"column":2},"end":{"line":10,"column":3}},{"start":{"line":8,"column":9},"end":{"line":10,"column":3}}],"line":6},"1":{"loc":{"start":{"line":6,"column":6},"end":{"line":6,"column":81}},"type":"binary-expr","locations":[{"start":{"line":6,"column":6},"end":{"line":6,"column":31}},{"start":{"line":6,"column":35},"end":{"line":6,"column":81}}],"line":6},"2":{"loc":{"start":{"line":8,"column":9},"end":{"line":10,"column":3}},"type":"if","locations":[{"start":{"line":8,"column":9},"end":{"line":10,"column":3}},{"start":{},"end":{}}],"line":8},"3":{"loc":{"start":{"line":12,"column":2},"end":{"line":14,"column":3}},"type":"if","locations":[{"start":{"line":12,"column":2},"end":{"line":14,"column":3}},{"start":{},"end":{}}],"line":12},"4":{"loc":{"start":{"line":20,"column":4},"end":{"line":22,"column":5}},"type":"if","locations":[{"start":{"line":20,"column":4},"end":{"line":22,"column":5}},{"start":{},"end":{}}],"line":20}},"s":{"0":3,"1":4,"2":4,"3":0,"4":0,"5":4,"6":0,"7":4,"8":4,"9":4,"10":4,"11":0,"12":4,"13":0},"f":{"0":4},"b":{"0":[4,0],"1":[4,4],"2":[0,0],"3":[0,4],"4":[0,4]},"_coverageSchema":"1a1c01bbd47fc00a2c39e90264f33305004495a9","hash":"b318b803b5bae287ae1b370bb50dd4d22ec6321c"}
,"D:\\Codes\\PROJECTS\\fairshare\\backend\\src\\middleware\\errorMiddleware.js": {"path":"D:\\Codes\\PROJECTS\\fairshare\\backend\\src\\middleware\\errorMiddleware.js","statementMap":{"0":{"start":{"line":3,"column":24},"end":{"line":7,"column":1}},"1":{"start":{"line":4,"column":16},"end":{"line":4,"column":59}},"2":{"start":{"line":5,"column":2},"end":{"line":5,"column":18}},"3":{"start":{"line":6,"column":2},"end":{"line":6,"column":14}},"4":{"start":{"line":9,"column":28},"end":{"line":18,"column":1}},"5":{"start":{"line":10,"column":21},"end":{"line":10,"column":66}},"6":{"start":{"line":12,"column":2},"end":{"line":12,"column":104}},"7":{"start":{"line":14,"column":2},"end":{"line":17,"column":5}}},"fnMap":{"0":{"name":"(anonymous_0)","decl":{"start":{"line":3,"column":24},"end":{"line":3,"column":25}},"loc":{"start":{"line":3,"column":44},"end":{"line":7,"column":1}},"line":3},"1":{"name":"(anonymous_1)","decl":{"start":{"line":9,"column":28},"end":{"line":9,"column":29}},"loc":{"start":{"line":9,"column":53},"end":{"line":18,"column":1}},"line":9}},"branchMap":{"0":{"loc":{"start":{"line":10,"column":21},"end":{"line":10,"column":66}},"type":"cond-expr","locations":[{"start":{"line":10,"column":46},"end":{"line":10,"column":49}},{"start":{"line":10,"column":52},"end":{"line":10,"column":66}}],"line":10},"1":{"loc":{"start":{"line":16,"column":11},"end":{"line":16,"column":67}},"type":"cond-expr","locations":[{"start":{"line":16,"column":51},"end":{"line":16,"column":55}},{"start":{"line":16,"column":58},"end":{"line":16,"column":67}}],"line":16}},"s":{"0":3,"1":0,"2":0,"3":0,"4":3,"5":0,"6":0,"7":0},"f":{"0":0,"1":0},"b":{"0":[0,0],"1":[0,0]},"_coverageSchema":"1a1c01bbd47fc00a2c39e90264f33305004495a9","hash":"c6a5bf572c236fcfabcab0f64202c499f38118cc"}
,"D:\\Codes\\PROJECTS\\fairshare\\backend\\src\\middleware\\validateMiddleware.js": {"path":"D:\\Codes\\PROJECTS\\fairshare\\backend\\src\\middleware\\validateMiddleware.js","statementMap":{"0":{"start":{"line":3,"column":28},"end":{"line":14,"column":1}},"1":{"start":{"line":3,"column":40},"end":{"line":14,"column":1}},"2":{"start":{"line":4,"column":2},"end":{"line":13,"column":3}},"3":{"start":{"line":5,"column":4},"end":{"line":5,"column":27}},"4":{"start":{"line":6,"column":4},"end":{"line":6,"column":11}},"5":{"start":{"line":8,"column":4},"end":{"line":11,"column":5}},"6":{"start":{"line":9,"column":23},"end":{"line":9,"column":57}},"7":{"start":{"line":9,"column":47},"end":{"line":9,"column":56}},"8":{"start":{"line":10,"column":6},"end":{"line":10,"column":90}},"9":{"start":{"line":12,"column":4},"end":{"line":12,"column":16}}},"fnMap":{"0":{"name":"(anonymous_0)","decl":{"start":{"line":3,"column":28},"end":{"line":3,"column":29}},"loc":{"start":{"line":3,"column":40},"end":{"line":14,"column":1}},"line":3},"1":{"name":"(anonymous_1)","decl":{"start":{"line":3,"column":40},"end":{"line":3,"column":41}},"loc":{"start":{"line":3,"column":60},"end":{"line":14,"column":1}},"line":3},"2":{"name":"(anonymous_2)","decl":{"start":{"line":9,"column":40},"end":{"line":9,"column":41}},"loc":{"start":{"line":9,"column":47},"end":{"line":9,"column":56}},"line":9}},"branchMap":{"0":{"loc":{"start":{"line":8,"column":4},"end":{"line":11,"column":5}},"type":"if","locations":[{"start":{"line":8,"column":4},"end":{"line":11,"column":5}},{"start":{},"end":{}}],"line":8}},"s":{"0":3,"1":27,"2":6,"3":6,"4":4,"5":2,"6":2,"7":3,"8":2,"9":0},"f":{"0":27,"1":6,"2":3},"b":{"0":[2,0]},"_coverageSchema":"1a1c01bbd47fc00a2c39e90264f33305004495a9","hash":"99d5b1ebde4ca60e8d163dda5ca0aabc9d8d08ea"}
,"D:\\Codes\\PROJECTS\\fairshare\\backend\\src\\models\\Expense.js": {"path":"D:\\Codes\\PROJECTS\\fairshare\\backend\\src\\models\\Expense.js","statementMap":{"0":{"start":{"line":3,"column":20},"end":{"line":17,"column":1}},"1":{"start":{"line":19,"column":22},"end":{"line":66,"column":1}},"2":{"start":{"line":50,"column":10},"end":{"line":50,"column":35}},"3":{"start":{"line":68,"column":16},"end":{"line":68,"column":56}}},"fnMap":{"0":{"name":"(anonymous_0)","decl":{"start":{"line":49,"column":19},"end":{"line":49,"column":20}},"loc":{"start":{"line":49,"column":37},"end":{"line":51,"column":9}},"line":49}},"branchMap":{},"s":{"0":3,"1":3,"2":0,"3":3},"f":{"0":0},"b":{},"_coverageSchema":"1a1c01bbd47fc00a2c39e90264f33305004495a9","hash":"c31578d9b8ca0c0a8fa740fb774451d37ccffd38"}
,"D:\\Codes\\PROJECTS\\fairshare\\backend\\src\\models\\Group.js": {"path":"D:\\Codes\\PROJECTS\\fairshare\\backend\\src\\models\\Group.js","statementMap":{"0":{"start":{"line":3,"column":20},"end":{"line":29,"column":1}},"1":{"start":{"line":31,"column":14},"end":{"line":31,"column":50}}},"fnMap":{},"branchMap":{},"s":{"0":3,"1":3},"f":{},"b":{},"_coverageSchema":"1a1c01bbd47fc00a2c39e90264f33305004495a9","hash":"d2c0c0920cc38622c3f67ea3d98b4c54503e6467"}
,"D:\\Codes\\PROJECTS\\fairshare\\backend\\src\\models\\User.js": {"path":"D:\\Codes\\PROJECTS\\fairshare\\backend\\src\\models\\User.js","statementMap":{"0":{"start":{"line":3,"column":19},"end":{"line":47,"column":1}},"1":{"start":{"line":49,"column":0},"end":{"line":53,"column":2}},"2":{"start":{"line":50,"column":14},"end":{"line":50,"column":29}},"3":{"start":{"line":51,"column":2},"end":{"line":51,"column":26}},"4":{"start":{"line":52,"column":2},"end":{"line":52,"column":13}},"5":{"start":{"line":55,"column":13},"end":{"line":55,"column":47}}},"fnMap":{"0":{"name":"(anonymous_0)","decl":{"start":{"line":49,"column":28},"end":{"line":49,"column":29}},"loc":{"start":{"line":49,"column":40},"end":{"line":53,"column":1}},"line":49}},"branchMap":{},"s":{"0":3,"1":3,"2":0,"3":0,"4":0,"5":3},"f":{"0":0},"b":{},"_coverageSchema":"1a1c01bbd47fc00a2c39e90264f33305004495a9","hash":"46bcbd95ede08e53318d33947f85f4f3601e814c"}
,"D:\\Codes\\PROJECTS\\fairshare\\backend\\src\\routes\\authRoutes.js": {"path":"D:\\Codes\\PROJECTS\\fairshare\\backend\\src\\routes\\authRoutes.js","statementMap":{"0":{"start":{"line":9,"column":15},"end":{"line":9,"column":31}},"1":{"start":{"line":11,"column":0},"end":{"line":11,"column":65}},"2":{"start":{"line":12,"column":0},"end":{"line":12,"column":56}},"3":{"start":{"line":13,"column":0},"end":{"line":13,"column":40}},"4":{"start":{"line":14,"column":0},"end":{"line":14,"column":34}},"5":{"start":{"line":15,"column":0},"end":{"line":15,"column":45}},"6":{"start":{"line":16,"column":0},"end":{"line":16,"column":37}},"7":{"start":{"line":17,"column":0},"end":{"line":17,"column":79}},"8":{"start":{"line":18,"column":0},"end":{"line":18,"column":82}},"9":{"start":{"line":19,"column":0},"end":{"line":19,"column":50}},"10":{"start":{"line":22,"column":0},"end":{"line":22,"column":88}},"11":{"start":{"line":25,"column":23},"end":{"line":27,"column":1}},"12":{"start":{"line":26,"column":2},"end":{"line":26,"column":108}},"13":{"start":{"line":29,"column":0},"end":{"line":45,"column":2}},"14":{"start":{"line":32,"column":24},"end":{"line":32,"column":40}},"15":{"start":{"line":33,"column":4},"end":{"line":43,"column":23}},"16":{"start":{"line":34,"column":6},"end":{"line":37,"column":7}},"17":{"start":{"line":35,"column":8},"end":{"line":35,"column":68}},"18":{"start":{"line":36,"column":8},"end":{"line":36,"column":71}},"19":{"start":{"line":38,"column":20},"end":{"line":38,"column":43}},"20":{"start":{"line":39,"column":6},"end":{"line":39,"column":33}},"21":{"start":{"line":42,"column":6},"end":{"line":42,"column":60}}},"fnMap":{"0":{"name":"(anonymous_0)","decl":{"start":{"line":25,"column":23},"end":{"line":25,"column":24}},"loc":{"start":{"line":25,"column":29},"end":{"line":27,"column":1}},"line":25},"1":{"name":"(anonymous_1)","decl":{"start":{"line":31,"column":2},"end":{"line":31,"column":3}},"loc":{"start":{"line":31,"column":22},"end":{"line":44,"column":3}},"line":31},"2":{"name":"(anonymous_2)","decl":{"start":{"line":33,"column":56},"end":{"line":33,"column":57}},"loc":{"start":{"line":33,"column":77},"end":{"line":43,"column":5}},"line":33}},"branchMap":{"0":{"loc":{"start":{"line":26,"column":9},"end":{"line":26,"column":107}},"type":"binary-expr","locations":[{"start":{"line":26,"column":9},"end":{"line":26,"column":33}},{"start":{"line":26,"column":38},"end":{"line":26,"column":106}}],"line":26},"1":{"loc":{"start":{"line":26,"column":38},"end":{"line":26,"column":106}},"type":"cond-expr","locations":[{"start":{"line":26,"column":78},"end":{"line":26,"column":80}},{"start":{"line":26,"column":83},"end":{"line":26,"column":106}}],"line":26},"2":{"loc":{"start":{"line":34,"column":6},"end":{"line":37,"column":7}},"type":"if","locations":[{"start":{"line":34,"column":6},"end":{"line":37,"column":7}},{"start":{},"end":{}}],"line":34},"3":{"loc":{"start":{"line":34,"column":10},"end":{"line":34,"column":22}},"type":"binary-expr","locations":[{"start":{"line":34,"column":10},"end":{"line":34,"column":13}},{"start":{"line":34,"column":17},"end":{"line":34,"column":22}}],"line":34},"4":{"loc":{"start":{"line":35,"column":55},"end":{"line":35,"column":66}},"type":"binary-expr","locations":[{"start":{"line":35,"column":55},"end":{"line":35,"column":58}},{"start":{"line":35,"column":62},"end":{"line":35,"column":66}}],"line":35}},"s":{"0":3,"1":3,"2":3,"3":3,"4":3,"5":3,"6":3,"7":3,"8":3,"9":3,"10":3,"11":3,"12":0,"13":3,"14":0,"15":0,"16":0,"17":0,"18":0,"19":0,"20":0,"21":0},"f":{"0":0,"1":0,"2":0},"b":{"0":[0,0],"1":[0,0],"2":[0,0],"3":[0,0],"4":[0,0]},"_coverageSchema":"1a1c01bbd47fc00a2c39e90264f33305004495a9","hash":"54872932a9dab30009de6e88cf012e0702fec9a5"}
,"D:\\Codes\\PROJECTS\\fairshare\\backend\\src\\routes\\balanceRoutes.js": {"path":"D:\\Codes\\PROJECTS\\fairshare\\backend\\src\\routes\\balanceRoutes.js","statementMap":{"0":{"start":{"line":8,"column":15},"end":{"line":8,"column":31}},"1":{"start":{"line":10,"column":0},"end":{"line":10,"column":20}},"2":{"start":{"line":12,"column":0},"end":{"line":59,"column":3}},"3":{"start":{"line":13,"column":2},"end":{"line":58,"column":3}},"4":{"start":{"line":14,"column":24},"end":{"line":14,"column":34}},"5":{"start":{"line":16,"column":18},"end":{"line":16,"column":88}},"6":{"start":{"line":18,"column":4},"end":{"line":20,"column":5}},"7":{"start":{"line":19,"column":6},"end":{"line":19,"column":66}},"8":{"start":{"line":22,"column":21},"end":{"line":24,"column":5}},"9":{"start":{"line":23,"column":13},"end":{"line":23,"column":57}},"10":{"start":{"line":26,"column":4},"end":{"line":28,"column":5}},"11":{"start":{"line":27,"column":6},"end":{"line":27,"column":100}},"12":{"start":{"line":30,"column":24},"end":{"line":30,"column":56}},"13":{"start":{"line":31,"column":28},"end":{"line":31,"column":54}},"14":{"start":{"line":33,"column":20},"end":{"line":33,"column":44}},"15":{"start":{"line":34,"column":18},"end":{"line":34,"column":87}},"16":{"start":{"line":35,"column":20},"end":{"line":35,"column":22}},"17":{"start":{"line":36,"column":4},"end":{"line":38,"column":7}},"18":{"start":{"line":37,"column":6},"end":{"line":37,"column":83}},"19":{"start":{"line":40,"column":26},"end":{"line":44,"column":7}},"20":{"start":{"line":40,"column":86},"end":{"line":44,"column":5}},"21":{"start":{"line":46,"column":23},"end":{"line":50,"column":7}},"22":{"start":{"line":46,"column":54},"end":{"line":50,"column":5}},"23":{"start":{"line":52,"column":4},"end":{"line":55,"column":7}},"24":{"start":{"line":57,"column":4},"end":{"line":57,"column":92}}},"fnMap":{"0":{"name":"(anonymous_0)","decl":{"start":{"line":12,"column":24},"end":{"line":12,"column":25}},"loc":{"start":{"line":12,"column":44},"end":{"line":59,"column":1}},"line":12},"1":{"name":"(anonymous_1)","decl":{"start":{"line":23,"column":6},"end":{"line":23,"column":7}},"loc":{"start":{"line":23,"column":13},"end":{"line":23,"column":57}},"line":23},"2":{"name":"(anonymous_2)","decl":{"start":{"line":36,"column":18},"end":{"line":36,"column":19}},"loc":{"start":{"line":36,"column":25},"end":{"line":38,"column":5}},"line":36},"3":{"name":"(anonymous_3)","decl":{"start":{"line":40,"column":58},"end":{"line":40,"column":59}},"loc":{"start":{"line":40,"column":86},"end":{"line":44,"column":5}},"line":40},"4":{"name":"(anonymous_4)","decl":{"start":{"line":46,"column":43},"end":{"line":46,"column":44}},"loc":{"start":{"line":46,"column":54},"end":{"line":50,"column":5}},"line":46}},"branchMap":{"0":{"loc":{"start":{"line":18,"column":4},"end":{"line":20,"column":5}},"type":"if","locations":[{"start":{"line":18,"column":4},"end":{"line":20,"column":5}},{"start":{},"end":{}}],"line":18},"1":{"loc":{"start":{"line":26,"column":4},"end":{"line":28,"column":5}},"type":"if","locations":[{"start":{"line":26,"column":4},"end":{"line":28,"column":5}},{"start":{},"end":{}}],"line":26},"2":{"loc":{"start":{"line":42,"column":12},"end":{"line":42,"column":35}},"type":"binary-expr","locations":[{"start":{"line":42,"column":12},"end":{"line":42,"column":27}},{"start":{"line":42,"column":31},"end":{"line":42,"column":35}}],"line":42},"3":{"loc":{"start":{"line":48,"column":16},"end":{"line":48,"column":42}},"type":"binary-expr","locations":[{"start":{"line":48,"column":16},"end":{"line":48,"column":34}},{"start":{"line":48,"column":38},"end":{"line":48,"column":42}}],"line":48},"4":{"loc":{"start":{"line":49,"column":14},"end":{"line":49,"column":38}},"type":"binary-expr","locations":[{"start":{"line":49,"column":14},"end":{"line":49,"column":30}},{"start":{"line":49,"column":34},"end":{"line":49,"column":38}}],"line":49}},"s":{"0":3,"1":3,"2":3,"3":0,"4":0,"5":0,"6":0,"7":0,"8":0,"9":0,"10":0,"11":0,"12":0,"13":0,"14":0,"15":0,"16":0,"17":0,"18":0,"19":0,"20":0,"21":0,"22":0,"23":0,"24":0},"f":{"0":0,"1":0,"2":0,"3":0,"4":0},"b":{"0":[0,0],"1":[0,0],"2":[0,0],"3":[0,0],"4":[0,0]},"_coverageSchema":"1a1c01bbd47fc00a2c39e90264f33305004495a9","hash":"ef0ea098b61cb44f9931f17af8f38200ed2f31ba"}
,"D:\\Codes\\PROJECTS\\fairshare\\backend\\src\\routes\\expenseRoutes.js": {"path":"D:\\Codes\\PROJECTS\\fairshare\\backend\\src\\routes\\expenseRoutes.js","statementMap":{"0":{"start":{"line":13,"column":15},"end":{"line":13,"column":31}},"1":{"start":{"line":15,"column":0},"end":{"line":15,"column":20}},"2":{"start":{"line":17,"column":0},"end":{"line":17,"column":48}},"3":{"start":{"line":18,"column":0},"end":{"line":18,"column":67}},"4":{"start":{"line":19,"column":0},"end":{"line":19,"column":43}},"5":{"start":{"line":20,"column":0},"end":{"line":20,"column":37}},"6":{"start":{"line":21,"column":0},"end":{"line":21,"column":79}}},"fnMap":{},"branchMap":{},"s":{"0":3,"1":3,"2":3,"3":3,"4":3,"5":3,"6":3},"f":{},"b":{},"_coverageSchema":"1a1c01bbd47fc00a2c39e90264f33305004495a9","hash":"b9179cafbeb17dc13609dfaca91ec56a36952c94"}
,"D:\\Codes\\PROJECTS\\fairshare\\backend\\src\\routes\\groupRoutes.js": {"path":"D:\\Codes\\PROJECTS\\fairshare\\backend\\src\\routes\\groupRoutes.js","statementMap":{"0":{"start":{"line":15,"column":15},"end":{"line":15,"column":31}},"1":{"start":{"line":17,"column":0},"end":{"line":17,"column":20}},"2":{"start":{"line":19,"column":0},"end":{"line":19,"column":27}},"3":{"start":{"line":20,"column":0},"end":{"line":20,"column":63}},"4":{"start":{"line":21,"column":0},"end":{"line":21,"column":33}},"5":{"start":{"line":22,"column":0},"end":{"line":22,"column":65}},"6":{"start":{"line":23,"column":0},"end":{"line":23,"column":70}},"7":{"start":{"line":24,"column":0},"end":{"line":24,"column":54}},"8":{"start":{"line":25,"column":0},"end":{"line":25,"column":35}}},"fnMap":{},"branchMap":{},"s":{"0":3,"1":3,"2":3,"3":3,"4":3,"5":3,"6":3,"7":3,"8":3},"f":{},"b":{},"_coverageSchema":"1a1c01bbd47fc00a2c39e90264f33305004495a9","hash":"dd6242968923a3a71bd735758a1ed4d6d9b99fda"}
,"D:\\Codes\\PROJECTS\\fairshare\\backend\\src\\utils\\balanceCalculator.js": {"path":"D:\\Codes\\PROJECTS\\fairshare\\backend\\src\\utils\\balanceCalculator.js","statementMap":{"0":{"start":{"line":3,"column":26},"end":{"line":21,"column":1}},"1":{"start":{"line":4,"column":19},"end":{"line":4,"column":57}},"2":{"start":{"line":5,"column":19},"end":{"line":5,"column":21}},"3":{"start":{"line":7,"column":2},"end":{"line":18,"column":3}},"4":{"start":{"line":8,"column":20},"end":{"line":8,"column":45}},"5":{"start":{"line":10,"column":4},"end":{"line":10,"column":50}},"6":{"start":{"line":10,"column":28},"end":{"line":10,"column":50}},"7":{"start":{"line":11,"column":4},"end":{"line":11,"column":45}},"8":{"start":{"line":13,"column":4},"end":{"line":17,"column":5}},"9":{"start":{"line":14,"column":26},"end":{"line":14,"column":47}},"10":{"start":{"line":15,"column":6},"end":{"line":15,"column":60}},"11":{"start":{"line":15,"column":34},"end":{"line":15,"column":60}},"12":{"start":{"line":16,"column":6},"end":{"line":16,"column":49}},"13":{"start":{"line":20,"column":2},"end":{"line":20,"column":18}}},"fnMap":{"0":{"name":"(anonymous_0)","decl":{"start":{"line":3,"column":26},"end":{"line":3,"column":27}},"loc":{"start":{"line":3,"column":45},"end":{"line":21,"column":1}},"line":3}},"branchMap":{"0":{"loc":{"start":{"line":10,"column":4},"end":{"line":10,"column":50}},"type":"if","locations":[{"start":{"line":10,"column":4},"end":{"line":10,"column":50}},{"start":{},"end":{}}],"line":10},"1":{"loc":{"start":{"line":15,"column":6},"end":{"line":15,"column":60}},"type":"if","locations":[{"start":{"line":15,"column":6},"end":{"line":15,"column":60}},{"start":{},"end":{}}],"line":15}},"s":{"0":3,"1":0,"2":0,"3":0,"4":0,"5":0,"6":0,"7":0,"8":0,"9":0,"10":0,"11":0,"12":0,"13":0},"f":{"0":0},"b":{"0":[0,0],"1":[0,0]},"_coverageSchema":"1a1c01bbd47fc00a2c39e90264f33305004495a9","hash":"04afc3ab798a51a6daa1ca3a6bb771e9c2359243"}
,"D:\\Codes\\PROJECTS\\fairshare\\backend\\src\\utils\\debtSimplifier.js": {"path":"D:\\Codes\\PROJECTS\\fairshare\\backend\\src\\utils\\debtSimplifier.js","statementMap":{"0":{"start":{"line":1,"column":22},"end":{"line":39,"column":1}},"1":{"start":{"line":2,"column":20},"end":{"line":2,"column":22}},"2":{"start":{"line":3,"column":18},"end":{"line":3,"column":20}},"3":{"start":{"line":5,"column":2},"end":{"line":11,"column":3}},"4":{"start":{"line":6,"column":4},"end":{"line":10,"column":5}},"5":{"start":{"line":7,"column":6},"end":{"line":7,"column":41}},"6":{"start":{"line":8,"column":11},"end":{"line":10,"column":5}},"7":{"start":{"line":9,"column":6},"end":{"line":9,"column":48}},"8":{"start":{"line":13,"column":2},"end":{"line":13,"column":48}},"9":{"start":{"line":13,"column":27},"end":{"line":13,"column":46}},"10":{"start":{"line":14,"column":2},"end":{"line":14,"column":46}},"11":{"start":{"line":14,"column":25},"end":{"line":14,"column":44}},"12":{"start":{"line":16,"column":23},"end":{"line":16,"column":25}},"13":{"start":{"line":17,"column":11},"end":{"line":17,"column":12}},"14":{"start":{"line":18,"column":11},"end":{"line":18,"column":12}},"15":{"start":{"line":20,"column":2},"end":{"line":36,"column":3}},"16":{"start":{"line":21,"column":21},"end":{"line":21,"column":34}},"17":{"start":{"line":22,"column":19},"end":{"line":22,"column":30}},"18":{"start":{"line":23,"column":29},"end":{"line":23,"column":69}},"19":{"start":{"line":25,"column":4},"end":{"line":29,"column":7}},"20":{"start":{"line":31,"column":4},"end":{"line":31,"column":40}},"21":{"start":{"line":32,"column":4},"end":{"line":32,"column":38}},"22":{"start":{"line":34,"column":4},"end":{"line":34,"column":36}},"23":{"start":{"line":34,"column":31},"end":{"line":34,"column":36}},"24":{"start":{"line":35,"column":4},"end":{"line":35,"column":34}},"25":{"start":{"line":35,"column":29},"end":{"line":35,"column":34}},"26":{"start":{"line":38,"column":2},"end":{"line":38,"column":22}}},"fnMap":{"0":{"name":"(anonymous_0)","decl":{"start":{"line":1,"column":22},"end":{"line":1,"column":23}},"loc":{"start":{"line":1,"column":36},"end":{"line":39,"column":1}},"line":1},"1":{"name":"(anonymous_1)","decl":{"start":{"line":13,"column":17},"end":{"line":13,"column":18}},"loc":{"start":{"line":13,"column":27},"end":{"line":13,"column":46}},"line":13},"2":{"name":"(anonymous_2)","decl":{"start":{"line":14,"column":15},"end":{"line":14,"column":16}},"loc":{"start":{"line":14,"column":25},"end":{"line":14,"column":44}},"line":14}},"branchMap":{"0":{"loc":{"start":{"line":6,"column":4},"end":{"line":10,"column":5}},"type":"if","locations":[{"start":{"line":6,"column":4},"end":{"line":10,"column":5}},{"start":{"line":8,"column":11},"end":{"line":10,"column":5}}],"line":6},"1":{"loc":{"start":{"line":8,"column":11},"end":{"line":10,"column":5}},"type":"if","locations":[{"start":{"line":8,"column":11},"end":{"line":10,"column":5}},{"start":{},"end":{}}],"line":8},"2":{"loc":{"start":{"line":20,"column":9},"end":{"line":20,"column":53}},"type":"binary-expr","locations":[{"start":{"line":20,"column":9},"end":{"line":20,"column":30}},{"start":{"line":20,"column":34},"end":{"line":20,"column":53}}],"line":20},"3":{"loc":{"start":{"line":34,"column":4},"end":{"line":34,"column":36}},"type":"if","locations":[{"start":{"line":34,"column":4},"end":{"line":34,"column":36}},{"start":{},"end":{}}],"line":34},"4":{"loc":{"start":{"line":35,"column":4},"end":{"line":35,"column":34}},"type":"if","locations":[{"start":{"line":35,"column":4},"end":{"line":35,"column":34}},{"start":{},"end":{}}],"line":35}},"s":{"0":4,"1":7,"2":7,"3":7,"4":17,"5":5,"6":12,"7":6,"8":7,"9":1,"10":7,"11":2,"12":7,"13":7,"14":7,"15":7,"16":7,"17":7,"18":7,"19":7,"20":7,"21":7,"22":7,"23":5,"24":7,"25":6,"26":7},"f":{"0":7,"1":1,"2":2},"b":{"0":[5,12],"1":[6,6],"2":[14,7],"3":[5,2],"4":[6,1]},"_coverageSchema":"1a1c01bbd47fc00a2c39e90264f33305004495a9","hash":"65077689b725e2c3b8920b14baa3d3e4e376904f"}
,"D:\\Codes\\PROJECTS\\fairshare\\backend\\src\\utils\\logger.js": {"path":"D:\\Codes\\PROJECTS\\fairshare\\backend\\src\\utils\\logger.js","statementMap":{"0":{"start":{"line":3,"column":49},"end":{"line":3,"column":63}},"1":{"start":{"line":5,"column":17},"end":{"line":7,"column":2}},"2":{"start":{"line":6,"column":2},"end":{"line":6,"column":54}},"3":{"start":{"line":9,"column":15},"end":{"line":28,"column":2}}},"fnMap":{"0":{"name":"(anonymous_0)","decl":{"start":{"line":5,"column":24},"end":{"line":5,"column":25}},"loc":{"start":{"line":5,"column":66},"end":{"line":7,"column":1}},"line":5}},"branchMap":{"0":{"loc":{"start":{"line":6,"column":35},"end":{"line":6,"column":51}},"type":"binary-expr","locations":[{"start":{"line":6,"column":35},"end":{"line":6,"column":40}},{"start":{"line":6,"column":44},"end":{"line":6,"column":51}}],"line":6},"1":{"loc":{"start":{"line":10,"column":9},"end":{"line":10,"column":40}},"type":"binary-expr","locations":[{"start":{"line":10,"column":9},"end":{"line":10,"column":30}},{"start":{"line":10,"column":34},"end":{"line":10,"column":40}}],"line":10}},"s":{"0":3,"1":3,"2":12,"3":3},"f":{"0":12},"b":{"0":[12,12],"1":[3,3]},"_coverageSchema":"1a1c01bbd47fc00a2c39e90264f33305004495a9","hash":"82562adfb5a92d22e05cb151773bd4a491ea8bd0"}
,"D:\\Codes\\PROJECTS\\fairshare\\backend\\src\\validators\\schemas.js": {"path":"D:\\Codes\\PROJECTS\\fairshare\\backend\\src\\validators\\schemas.js","statementMap":{"0":{"start":{"line":4,"column":23},"end":{"line":4,"column":87}},"1":{"start":{"line":5,"column":20},"end":{"line":5,"column":135}},"2":{"start":{"line":6,"column":23},"end":{"line":6,"column":189}},"3":{"start":{"line":9,"column":30},"end":{"line":13,"column":2}},"4":{"start":{"line":15,"column":27},"end":{"line":18,"column":2}},"5":{"start":{"line":20,"column":33},"end":{"line":23,"column":2}},"6":{"start":{"line":25,"column":35},"end":{"line":29,"column":2}},"7":{"start":{"line":32,"column":33},"end":{"line":35,"column":2}},"8":{"start":{"line":37,"column":33},"end":{"line":40,"column":2}},"9":{"start":{"line":42,"column":31},"end":{"line":44,"column":2}},"10":{"start":{"line":47,"column":20},"end":{"line":50,"column":2}},"11":{"start":{"line":52,"column":35},"end":{"line":76,"column":2}},"12":{"start":{"line":60,"column":2},"end":{"line":62,"column":3}},"13":{"start":{"line":61,"column":4},"end":{"line":61,"column":64}},"14":{"start":{"line":63,"column":2},"end":{"line":63,"column":14}},"15":{"start":{"line":68,"column":2},"end":{"line":71,"column":3}},"16":{"start":{"line":69,"column":23},"end":{"line":69,"column":77}},"17":{"start":{"line":69,"column":54},"end":{"line":69,"column":73}},"18":{"start":{"line":70,"column":4},"end":{"line":70,"column":43}},"19":{"start":{"line":72,"column":2},"end":{"line":72,"column":14}},"20":{"start":{"line":78,"column":38},"end":{"line":83,"column":2}}},"fnMap":{"0":{"name":"(anonymous_0)","decl":{"start":{"line":59,"column":10},"end":{"line":59,"column":11}},"loc":{"start":{"line":59,"column":18},"end":{"line":64,"column":1}},"line":59},"1":{"name":"(anonymous_1)","decl":{"start":{"line":67,"column":10},"end":{"line":67,"column":11}},"loc":{"start":{"line":67,"column":18},"end":{"line":73,"column":1}},"line":67},"2":{"name":"(anonymous_2)","decl":{"start":{"line":69,"column":42},"end":{"line":69,"column":43}},"loc":{"start":{"line":69,"column":54},"end":{"line":69,"column":73}},"line":69}},"branchMap":{"0":{"loc":{"start":{"line":60,"column":2},"end":{"line":62,"column":3}},"type":"if","locations":[{"start":{"line":60,"column":2},"end":{"line":62,"column":3}},{"start":{},"end":{}}],"line":60},"1":{"loc":{"start":{"line":61,"column":11},"end":{"line":61,"column":63}},"type":"binary-expr","locations":[{"start":{"line":61,"column":11},"end":{"line":61,"column":37}},{"start":{"line":61,"column":41},"end":{"line":61,"column":63}}],"line":61},"2":{"loc":{"start":{"line":68,"column":2},"end":{"line":71,"column":3}},"type":"if","locations":[{"start":{"line":68,"column":2},"end":{"line":71,"column":3}},{"start":{},"end":{}}],"line":68},"3":{"loc":{"start":{"line":68,"column":6},"end":{"line":68,"column":48}},"type":"binary-expr","locations":[{"start":{"line":68,"column":6},"end":{"line":68,"column":33}},{"start":{"line":68,"column":37},"end":{"line":68,"column":48}}],"line":68}},"s":{"0":3,"1":3,"2":3,"3":3,"4":3,"5":3,"6":3,"7":3,"8":3,"9":3,"10":3,"11":3,"12":2,"13":2,"14":0,"15":2,"16":2,"17":2,"18":2,"19":0,"20":3},"f":{"0":2,"1":2,"2":2},"b":{"0":[2,0],"1":[2,2],"2":[2,0],"3":[2,2]},"_coverageSchema":"1a1c01bbd47fc00a2c39e90264f33305004495a9","hash":"5b064633f37c7aea9b0e66801ac2f2eba62cdaa5"}
}
