TN:
SF:src\server.js
FN:36,(anonymous_0)
FN:54,(anonymous_1)
FN:61,(anonymous_2)
FN:74,(anonymous_3)
FN:84,(anonymous_4)
FN:85,(anonymous_5)
FNF:6
FNH:3
FNDA:6,(anonymous_0)
FNDA:6,(anonymous_1)
FNDA:6,(anonymous_2)
FNDA:0,(anonymous_3)
FNDA:0,(anonymous_4)
FNDA:0,(anonymous_5)
DA:4,3
DA:21,3
DA:22,3
DA:24,3
DA:26,3
DA:34,3
DA:37,6
DA:38,6
DA:39,6
DA:41,0
DA:50,3
DA:51,3
DA:54,6
DA:57,3
DA:58,3
DA:61,3
DA:63,6
DA:64,0
DA:66,6
DA:69,3
DA:70,3
DA:71,3
DA:72,3
DA:74,3
DA:75,0
DA:78,3
DA:79,3
DA:83,3
DA:84,0
DA:85,0
DA:86,0
LF:31
LH:25
BRDA:24,0,0,3
BRDA:24,0,1,0
BRDA:37,1,0,6
BRDA:37,1,1,6
BRDA:37,1,2,0
BRDA:37,1,3,0
BRDA:38,2,0,6
BRDA:38,2,1,0
BRDA:38,3,0,6
BRDA:38,3,1,0
BRDA:38,3,2,0
BRDA:63,4,0,0
BRDA:63,4,1,6
BRDA:63,5,0,6
BRDA:63,5,1,6
BRDA:83,6,0,0
BRDA:83,6,1,3
BRDA:83,7,0,3
BRDA:83,7,1,3
BRDA:83,7,2,0
BRF:20
BRH:11
end_of_record
TN:
SF:src\config\db.js
FN:6,(anonymous_0)
FNF:1
FNH:0
FNDA:0,(anonymous_0)
DA:4,3
DA:6,3
DA:7,0
DA:8,0
DA:11,0
DA:13,0
DA:14,0
DA:15,0
DA:18,0
DA:19,0
DA:20,0
DA:21,0
DA:22,0
DA:24,0
DA:25,0
LF:15
LH:2
BRDA:7,0,0,0
BRDA:7,0,1,0
BRDA:7,1,0,0
BRDA:7,1,1,0
BRDA:13,2,0,0
BRDA:13,2,1,0
BRF:6
BRH:0
end_of_record
TN:
SF:src\config\passport.js
FN:6,(anonymous_0)
FN:15,(anonymous_1)
FNF:2
FNH:1
FNDA:3,(anonymous_0)
FNDA:0,(anonymous_1)
DA:6,3
DA:7,3
DA:16,0
DA:17,0
DA:18,0
DA:19,0
DA:22,0
DA:23,0
DA:24,0
DA:25,0
DA:28,0
DA:30,0
DA:31,0
DA:33,0
DA:34,0
DA:35,0
DA:36,0
DA:38,0
DA:40,0
DA:49,0
DA:51,0
DA:52,0
LF:22
LH:2
BRDA:12,0,0,3
BRDA:12,0,1,3
BRDA:18,1,0,0
BRDA:18,1,1,0
BRDA:22,2,0,0
BRDA:22,2,1,0
BRDA:23,3,0,0
BRDA:23,3,1,0
BRDA:23,3,2,0
BRDA:23,3,3,0
BRDA:24,4,0,0
BRDA:24,4,1,0
BRDA:30,5,0,0
BRDA:30,5,1,0
BRDA:33,6,0,0
BRDA:33,6,1,0
BRDA:35,7,0,0
BRDA:35,7,1,0
BRDA:35,8,0,0
BRDA:35,8,1,0
BRF:20
BRH:2
end_of_record
TN:
SF:src\controllers\authController.js
FN:6,(anonymous_0)
FN:10,(anonymous_1)
FN:19,(anonymous_2)
FN:46,(anonymous_3)
FN:69,(anonymous_4)
FN:77,(anonymous_5)
FN:81,(anonymous_6)
FN:101,(anonymous_7)
FN:116,(anonymous_8)
FN:150,(anonymous_9)
FN:175,(anonymous_10)
FN:228,(anonymous_11)
FNF:12
FNH:4
FNDA:1,(anonymous_0)
FNDA:1,(anonymous_1)
FNDA:1,(anonymous_2)
FNDA:1,(anonymous_3)
FNDA:0,(anonymous_4)
FNDA:0,(anonymous_5)
FNDA:0,(anonymous_6)
FNDA:0,(anonymous_7)
FNDA:0,(anonymous_8)
FNDA:0,(anonymous_9)
FNDA:0,(anonymous_10)
FNDA:0,(anonymous_11)
DA:6,3
DA:7,1
DA:10,3
DA:11,1
DA:19,3
DA:20,1
DA:21,1
DA:23,1
DA:24,1
DA:25,0
DA:28,1
DA:29,1
DA:31,1
DA:37,1
DA:38,1
DA:40,1
DA:42,0
DA:46,3
DA:47,1
DA:48,1
DA:50,1
DA:51,1
DA:52,0
DA:55,1
DA:56,1
DA:57,1
DA:60,0
DA:61,0
DA:63,0
DA:65,0
DA:69,3
DA:70,0
DA:74,0
DA:77,3
DA:78,0
DA:81,3
DA:82,0
DA:83,0
DA:84,0
DA:85,0
DA:89,0
DA:90,0
DA:91,0
DA:94,0
DA:95,0
DA:97,0
DA:101,3
DA:102,0
DA:103,0
DA:104,0
DA:105,0
DA:108,0
DA:109,0
DA:110,0
DA:112,0
DA:116,3
DA:117,0
DA:118,0
DA:121,0
DA:122,0
DA:123,0
DA:126,0
DA:127,0
DA:128,0
DA:131,0
DA:133,0
DA:134,0
DA:135,0
DA:136,0
DA:137,0
DA:139,0
DA:142,0
DA:144,0
DA:146,0
DA:150,3
DA:151,0
DA:152,0
DA:155,0
DA:161,0
DA:164,0
DA:169,0
DA:171,0
DA:175,3
DA:176,0
DA:177,0
DA:178,0
DA:180,0
DA:181,0
DA:184,0
DA:185,0
DA:188,0
DA:189,0
DA:190,0
DA:192,0
DA:193,0
DA:194,0
DA:196,0
DA:200,0
DA:201,0
DA:202,0
DA:203,0
DA:204,0
DA:205,0
DA:207,0
DA:209,0
DA:213,0
DA:215,0
DA:227,0
DA:228,0
DA:229,0
DA:231,0
LF:111
LH:30
BRDA:24,0,0,0
BRDA:24,0,1,1
BRDA:51,1,0,0
BRDA:51,1,1,1
BRDA:56,2,0,1
BRDA:56,2,1,0
BRDA:84,3,0,0
BRDA:84,3,1,0
BRDA:84,4,0,0
BRDA:84,4,1,0
BRDA:90,5,0,0
BRDA:90,5,1,0
BRDA:104,6,0,0
BRDA:104,6,1,0
BRDA:122,7,0,0
BRDA:122,7,1,0
BRDA:127,8,0,0
BRDA:127,8,1,0
BRDA:133,9,0,0
BRDA:133,9,1,0
BRDA:133,10,0,0
BRDA:133,10,1,0
BRDA:136,11,0,0
BRDA:136,11,1,0
BRDA:136,12,0,0
BRDA:136,12,1,0
BRDA:180,13,0,0
BRDA:180,13,1,0
BRDA:184,14,0,0
BRDA:184,14,1,0
BRDA:188,15,0,0
BRDA:188,15,1,0
BRDA:189,16,0,0
BRDA:189,16,1,0
BRDA:193,17,0,0
BRDA:193,17,1,0
BRDA:193,18,0,0
BRDA:193,18,1,0
BRDA:200,19,0,0
BRDA:200,19,1,0
BRDA:201,20,0,0
BRDA:201,20,1,0
BRDA:204,21,0,0
BRDA:204,21,1,0
BRDA:204,22,0,0
BRDA:204,22,1,0
BRDA:227,23,0,0
BRDA:227,23,1,0
BRF:48
BRH:3
end_of_record
TN:
SF:src\controllers\expenseController.js
FN:5,(anonymous_0)
FN:8,(anonymous_1)
FN:13,(anonymous_2)
FN:26,(anonymous_3)
FN:40,(anonymous_4)
FN:80,(anonymous_5)
FN:99,(anonymous_6)
FN:118,(anonymous_7)
FN:160,(anonymous_8)
FNF:9
FNH:4
FNDA:1,(anonymous_0)
FNDA:1,(anonymous_1)
FNDA:1,(anonymous_2)
FNDA:1,(anonymous_3)
FNDA:0,(anonymous_4)
FNDA:0,(anonymous_5)
FNDA:0,(anonymous_6)
FNDA:0,(anonymous_7)
FNDA:0,(anonymous_8)
DA:5,3
DA:6,1
DA:7,1
DA:8,1
DA:9,1
DA:10,1
DA:13,3
DA:14,1
DA:15,1
DA:16,1
DA:17,1
DA:19,1
DA:20,1
DA:21,0
DA:22,0
DA:23,0
DA:26,1
DA:27,1
DA:28,0
DA:29,0
DA:30,0
DA:33,1
DA:35,1
DA:36,0
DA:37,0
DA:38,0
DA:40,0
DA:44,1
DA:45,1
DA:47,0
DA:48,0
DA:49,0
DA:52,1
DA:62,1
DA:63,1
DA:65,1
DA:66,1
DA:68,1
DA:69,1
DA:70,1
DA:72,1
DA:74,0
DA:75,0
DA:76,0
DA:80,3
DA:81,0
DA:82,0
DA:84,0
DA:85,0
DA:87,0
DA:93,0
DA:95,0
DA:99,3
DA:100,0
DA:101,0
DA:103,0
DA:104,0
DA:107,0
DA:108,0
DA:110,0
DA:112,0
DA:114,0
DA:118,3
DA:119,0
DA:120,0
DA:121,0
DA:122,0
DA:124,0
DA:125,0
DA:126,0
DA:127,0
DA:128,0
DA:131,0
DA:142,0
DA:143,0
DA:145,0
DA:146,0
DA:148,0
DA:149,0
DA:150,0
DA:152,0
DA:154,0
DA:155,0
DA:156,0
DA:160,3
DA:161,0
DA:162,0
DA:165,0
DA:177,0
DA:179,0
LF:90
LH:32
BRDA:7,0,0,0
BRDA:7,0,1,1
BRDA:9,1,0,0
BRDA:9,1,1,1
BRDA:20,2,0,0
BRDA:20,2,1,1
BRDA:27,3,0,0
BRDA:27,3,1,1
BRDA:35,4,0,0
BRDA:35,4,1,1
BRDA:42,5,0,0
BRDA:42,5,1,0
BRDA:44,6,0,1
BRDA:44,6,1,0
BRDA:85,7,0,0
BRDA:85,7,1,0
BRDA:103,8,0,0
BRDA:103,8,1,0
BRDA:108,9,0,0
BRDA:108,9,1,0
BRDA:125,10,0,0
BRDA:125,10,1,0
BRF:22
BRH:6
end_of_record
TN:
SF:src\controllers\groupController.js
FN:6,(anonymous_0)
FN:26,(anonymous_1)
FN:39,(anonymous_2)
FN:50,(anonymous_3)
FN:63,(anonymous_4)
FN:72,(anonymous_5)
FN:92,(anonymous_6)
FN:102,(anonymous_7)
FN:119,(anonymous_8)
FN:138,(anonymous_9)
FN:147,(anonymous_10)
FN:152,(anonymous_11)
FN:164,(anonymous_12)
FN:176,(anonymous_13)
FN:184,(anonymous_14)
FNF:15
FNH:1
FNDA:1,(anonymous_0)
FNDA:0,(anonymous_1)
FNDA:0,(anonymous_2)
FNDA:0,(anonymous_3)
FNDA:0,(anonymous_4)
FNDA:0,(anonymous_5)
FNDA:0,(anonymous_6)
FNDA:0,(anonymous_7)
FNDA:0,(anonymous_8)
FNDA:0,(anonymous_9)
FNDA:0,(anonymous_10)
FNDA:0,(anonymous_11)
FNDA:0,(anonymous_12)
FNDA:0,(anonymous_13)
FNDA:0,(anonymous_14)
DA:6,3
DA:7,1
DA:8,1
DA:10,1
DA:17,1
DA:18,1
DA:20,1
DA:22,0
DA:26,3
DA:27,0
DA:28,0
DA:33,0
DA:35,0
DA:39,3
DA:40,0
DA:41,0
DA:45,0
DA:46,0
DA:49,0
DA:50,0
DA:53,0
DA:54,0
DA:57,0
DA:59,0
DA:63,3
DA:64,0
DA:65,0
DA:66,0
DA:68,0
DA:69,0
DA:72,0
DA:74,0
DA:75,0
DA:78,0
DA:79,0
DA:81,0
DA:83,0
DA:84,0
DA:86,0
DA:88,0
DA:92,3
DA:93,0
DA:94,0
DA:96,0
DA:98,0
DA:99,0
DA:102,0
DA:103,0
DA:104,0
DA:107,0
DA:114,0
DA:115,0
DA:118,0
DA:119,0
DA:122,0
DA:123,0
DA:126,0
DA:127,0
DA:129,0
DA:130,0
DA:132,0
DA:134,0
DA:138,3
DA:139,0
DA:140,0
DA:142,0
DA:143,0
DA:144,0
DA:147,0
DA:148,0
DA:149,0
DA:152,0
DA:153,0
DA:154,0
DA:157,0
DA:158,0
DA:160,0
DA:161,0
DA:164,0
DA:165,0
DA:167,0
DA:168,0
DA:170,0
DA:172,0
DA:176,3
DA:177,0
DA:178,0
DA:180,0
DA:181,0
DA:184,0
DA:186,0
DA:187,0
DA:191,0
DA:195,0
DA:196,0
DA:198,0
DA:200,0
LF:97
LH:13
BRDA:12,0,0,1
BRDA:12,0,1,0
BRDA:45,1,0,0
BRDA:45,1,1,0
BRDA:53,2,0,0
BRDA:53,2,1,0
BRDA:68,3,0,0
BRDA:68,3,1,0
BRDA:74,4,0,0
BRDA:74,4,1,0
BRDA:78,5,0,0
BRDA:78,5,1,0
BRDA:79,6,0,0
BRDA:79,6,1,0
BRDA:98,7,0,0
BRDA:98,7,1,0
BRDA:103,8,0,0
BRDA:103,8,1,0
BRDA:114,9,0,0
BRDA:114,9,1,0
BRDA:122,10,0,0
BRDA:122,10,1,0
BRDA:143,11,0,0
BRDA:143,11,1,0
BRDA:148,12,0,0
BRDA:148,12,1,0
BRDA:153,13,0,0
BRDA:153,13,1,0
BRDA:158,14,0,0
BRDA:158,14,1,0
BRDA:160,15,0,0
BRDA:160,15,1,0
BRDA:180,16,0,0
BRDA:180,16,1,0
BRDA:186,17,0,0
BRDA:186,17,1,0
BRF:36
BRH:1
end_of_record
TN:
SF:src\middleware\authMiddleware.js
FN:4,(anonymous_0)
FNF:1
FNH:1
FNDA:4,(anonymous_0)
DA:4,3
DA:6,4
DA:7,4
DA:8,0
DA:9,0
DA:12,4
DA:13,0
DA:16,4
DA:17,4
DA:18,4
DA:20,4
DA:21,0
DA:24,4
DA:26,0
LF:14
LH:9
BRDA:6,0,0,4
BRDA:6,0,1,0
BRDA:6,1,0,4
BRDA:6,1,1,4
BRDA:8,2,0,0
BRDA:8,2,1,0
BRDA:12,3,0,0
BRDA:12,3,1,4
BRDA:20,4,0,0
BRDA:20,4,1,4
BRF:10
BRH:5
end_of_record
TN:
SF:src\middleware\errorMiddleware.js
FN:3,(anonymous_0)
FN:9,(anonymous_1)
FNF:2
FNH:0
FNDA:0,(anonymous_0)
FNDA:0,(anonymous_1)
DA:3,3
DA:4,0
DA:5,0
DA:6,0
DA:9,3
DA:10,0
DA:12,0
DA:14,0
LF:8
LH:2
BRDA:10,0,0,0
BRDA:10,0,1,0
BRDA:16,1,0,0
BRDA:16,1,1,0
BRF:4
BRH:0
end_of_record
TN:
SF:src\middleware\validateMiddleware.js
FN:3,(anonymous_0)
FN:3,(anonymous_1)
FN:9,(anonymous_2)
FNF:3
FNH:3
FNDA:27,(anonymous_0)
FNDA:6,(anonymous_1)
FNDA:3,(anonymous_2)
DA:3,27
DA:4,6
DA:5,6
DA:6,4
DA:8,2
DA:9,3
DA:10,2
DA:12,0
LF:8
LH:7
BRDA:8,0,0,2
BRDA:8,0,1,0
BRF:2
BRH:1
end_of_record
TN:
SF:src\models\Expense.js
FN:49,(anonymous_0)
FNF:1
FNH:0
FNDA:0,(anonymous_0)
DA:3,3
DA:19,3
DA:50,0
DA:68,3
LF:4
LH:3
BRF:0
BRH:0
end_of_record
TN:
SF:src\models\Group.js
FNF:0
FNH:0
DA:3,3
DA:31,3
LF:2
LH:2
BRF:0
BRH:0
end_of_record
TN:
SF:src\models\User.js
FN:49,(anonymous_0)
FNF:1
FNH:0
FNDA:0,(anonymous_0)
DA:3,3
DA:49,3
DA:50,0
DA:51,0
DA:52,0
DA:55,3
LF:6
LH:3
BRF:0
BRH:0
end_of_record
TN:
SF:src\routes\authRoutes.js
FN:25,(anonymous_0)
FN:31,(anonymous_1)
FN:33,(anonymous_2)
FNF:3
FNH:0
FNDA:0,(anonymous_0)
FNDA:0,(anonymous_1)
FNDA:0,(anonymous_2)
DA:9,3
DA:11,3
DA:12,3
DA:13,3
DA:14,3
DA:15,3
DA:16,3
DA:17,3
DA:18,3
DA:19,3
DA:22,3
DA:25,3
DA:26,0
DA:29,3
DA:32,0
DA:33,0
DA:34,0
DA:35,0
DA:36,0
DA:38,0
DA:39,0
DA:42,0
LF:22
LH:13
BRDA:26,0,0,0
BRDA:26,0,1,0
BRDA:26,1,0,0
BRDA:26,1,1,0
BRDA:34,2,0,0
BRDA:34,2,1,0
BRDA:34,3,0,0
BRDA:34,3,1,0
BRDA:35,4,0,0
BRDA:35,4,1,0
BRF:10
BRH:0
end_of_record
TN:
SF:src\routes\balanceRoutes.js
FN:12,(anonymous_0)
FN:23,(anonymous_1)
FN:36,(anonymous_2)
FN:40,(anonymous_3)
FN:46,(anonymous_4)
FNF:5
FNH:0
FNDA:0,(anonymous_0)
FNDA:0,(anonymous_1)
FNDA:0,(anonymous_2)
FNDA:0,(anonymous_3)
FNDA:0,(anonymous_4)
DA:8,3
DA:10,3
DA:12,3
DA:13,0
DA:14,0
DA:16,0
DA:18,0
DA:19,0
DA:22,0
DA:23,0
DA:26,0
DA:27,0
DA:30,0
DA:31,0
DA:33,0
DA:34,0
DA:35,0
DA:36,0
DA:37,0
DA:40,0
DA:46,0
DA:52,0
DA:57,0
LF:23
LH:3
BRDA:18,0,0,0
BRDA:18,0,1,0
BRDA:26,1,0,0
BRDA:26,1,1,0
BRDA:42,2,0,0
BRDA:42,2,1,0
BRDA:48,3,0,0
BRDA:48,3,1,0
BRDA:49,4,0,0
BRDA:49,4,1,0
BRF:10
BRH:0
end_of_record
TN:
SF:src\routes\expenseRoutes.js
FNF:0
FNH:0
DA:13,3
DA:15,3
DA:17,3
DA:18,3
DA:19,3
DA:20,3
DA:21,3
LF:7
LH:7
BRF:0
BRH:0
end_of_record
TN:
SF:src\routes\groupRoutes.js
FNF:0
FNH:0
DA:15,3
DA:17,3
DA:19,3
DA:20,3
DA:21,3
DA:22,3
DA:23,3
DA:24,3
DA:25,3
LF:9
LH:9
BRF:0
BRH:0
end_of_record
TN:
SF:src\utils\balanceCalculator.js
FN:3,(anonymous_0)
FNF:1
FNH:0
FNDA:0,(anonymous_0)
DA:3,3
DA:4,0
DA:5,0
DA:7,0
DA:8,0
DA:10,0
DA:11,0
DA:13,0
DA:14,0
DA:15,0
DA:16,0
DA:20,0
LF:12
LH:1
BRDA:10,0,0,0
BRDA:10,0,1,0
BRDA:15,1,0,0
BRDA:15,1,1,0
BRF:4
BRH:0
end_of_record
TN:
SF:src\utils\debtSimplifier.js
FN:1,(anonymous_0)
FN:13,(anonymous_1)
FN:14,(anonymous_2)
FNF:3
FNH:3
FNDA:7,(anonymous_0)
FNDA:1,(anonymous_1)
FNDA:2,(anonymous_2)
DA:1,4
DA:2,7
DA:3,7
DA:5,7
DA:6,17
DA:7,5
DA:8,12
DA:9,6
DA:13,7
DA:14,7
DA:16,7
DA:17,7
DA:18,7
DA:20,7
DA:21,7
DA:22,7
DA:23,7
DA:25,7
DA:31,7
DA:32,7
DA:34,7
DA:35,7
DA:38,7
LF:23
LH:23
BRDA:6,0,0,5
BRDA:6,0,1,12
BRDA:8,1,0,6
BRDA:8,1,1,6
BRDA:20,2,0,14
BRDA:20,2,1,7
BRDA:34,3,0,5
BRDA:34,3,1,2
BRDA:35,4,0,6
BRDA:35,4,1,1
BRF:10
BRH:10
end_of_record
TN:
SF:src\utils\logger.js
FN:5,(anonymous_0)
FNF:1
FNH:1
FNDA:12,(anonymous_0)
DA:3,3
DA:5,3
DA:6,12
DA:9,3
LF:4
LH:4
BRDA:6,0,0,12
BRDA:6,0,1,12
BRDA:10,1,0,3
BRDA:10,1,1,3
BRF:4
BRH:4
end_of_record
TN:
SF:src\validators\schemas.js
FN:59,(anonymous_0)
FN:67,(anonymous_1)
FN:69,(anonymous_2)
FNF:3
FNH:3
FNDA:2,(anonymous_0)
FNDA:2,(anonymous_1)
FNDA:2,(anonymous_2)
DA:4,3
DA:5,3
DA:6,3
DA:9,3
DA:15,3
DA:20,3
DA:25,3
DA:32,3
DA:37,3
DA:42,3
DA:47,3
DA:52,3
DA:60,2
DA:61,2
DA:63,0
DA:68,2
DA:69,2
DA:70,2
DA:72,0
DA:78,3
LF:20
LH:18
BRDA:60,0,0,2
BRDA:60,0,1,0
BRDA:61,1,0,2
BRDA:61,1,1,2
BRDA:68,2,0,2
BRDA:68,2,1,0
BRDA:68,3,0,2
BRDA:68,3,1,2
BRF:8
BRH:6
end_of_record
